Initializing document watcher...
react-temperature-control-app/src/App.css: {}
react-temperature-control-app/src/App.css: Using EditorConfig core...
react-temperature-control-app/src/App.test.js: {}
react-temperature-control-app/src/App.js: {}
react-temperature-control-app/src/App.js: Using EditorConfig core...
react-temperature-control-app/src/index.css: {}
react-temperature-control-app/src/App.test.js: {}
react-temperature-control-app/src/App.test.js: {}
react-temperature-control-app/src/App.js: {}
react-temperature-control-app/src/reportWebVitals.js: {}
react-temperature-control-app/src/reportWebVitals.js: {}
react-temperature-control-app/src/App.js: {}
react-temperature-control-app/src/logo.svg: {}
react-temperature-control-app/src/logo.svg: {}
react-temperature-control-app/src/App.js: {}
react-temperature-control-app/src/App.js: Using EditorConfig core...
react-temperature-control-app/src/App.js: {}
react-temperature-control-app/src/App.js: {}
react-temperature-control-app/src/App.js: {}
react-temperature-control-app/src/App.js: {}
react-temperature-control-app/src/index.css: {}
react-temperature-control-app/src/App.css: {}
react-temperature-control-app/src/index.css: {}
react-temperature-control-app/src/index.css: Using EditorConfig core...
react-temperature-control-app/src/App.js: {}
react-temperature-control-app/src/App.css: {}
react-temperature-control-app/src/App.css: {}
react-temperature-control-app/src/App.js: {}
react-temperature-control-app/src/App.js: {}
react-temperature-control-app/src/App.js: {}
react-temperature-control-app/src/index.css: {}
react-temperature-control-app/src/index.css: {}
react-temperature-control-app/src/index.css: {}
react-temperature-control-app/src/index.css: {}
react-temperature-control-app/src/index.js: {}
react-temperature-control-app/src/App.js: {}
react-temperature-control-app/src/App.js: {}
react-temperature-control-app/src/App.js: Using EditorConfig core...
react-temperature-control-app/src/App.js: {}
react-temperature-control-app/src/App.js: Using EditorConfig core...
react-temperature-control-app/src/App.js: {}
react-temperature-control-app/src/App.js: {}
react-temperature-control-app/src/App.js: {}
react-temperature-control-app/src/App.js: {}
react-temperature-control-app/src/App.js: Using EditorConfig core...
react-temperature-control-app/src/App.js: {}
react-temperature-control-app/src/App.js: Using EditorConfig core...
react-temperature-control-app/src/App.js: {}
react-temperature-control-app/src/index.js: {}
react-temperature-control-app/src/index.js: {}
react-temperature-control-app/src/index.js: {}
react-temperature-control-app/src/App.js: {}
react-temperature-control-app/src/App.js: Using EditorConfig core...
react-temperature-control-app/src/App.js: {}
react-temperature-control-app/src/App.js: Using EditorConfig core...
react-temperature-control-app/src/App.js: {}
react-temperature-control-app/src/index.css: {}
react-temperature-control-app/src/index.js: {}
react-temperature-control-app/src/index.js: Using EditorConfig core...
react-temperature-control-app/src/index.js: {}
react-temperature-control-app/src/index.js: {}
react-temperature-control-app/src/index.js: Using EditorConfig core...
react-temperature-control-app/src/index.js: {}
react-temperature-control-app/src/index.js: Using EditorConfig core...
react-temperature-control-app/src/index.js: {}
react-temperature-control-app/src/index.js: {}
react-temperature-control-app/src/index.js: {}
react-temperature-control-app/src/index.css: {}
react-temperature-control-app/src/App.js: {}
react-temperature-control-app/src/App.js: {}
react-temperature-control-app/src/App.js: {}
react-temperature-control-app/src/App.js: {}
react-temperature-control-app/src/App.js: {}
react-temperature-control-app/src/App.js: {}
react-temperature-control-app/src/App.js: Using EditorConfig core...
react-temperature-control-app/src/App.js: Using EditorConfig core...
react-temperature-control-app/src/App.js: {}
react-temperature-control-app/src/App.js: {}
react-temperature-control-app/src/App.js: Using EditorConfig core...
react-temperature-control-app/src/App.js: Using EditorConfig core...
react-temperature-control-app/src/App.js: {}
react-temperature-control-app/src/index.js: {}
react-temperature-control-app/src/index.css: {}
react-temperature-control-app/src/index.css: Using EditorConfig core...
react-temperature-control-app/src/App.js: {}
react-temperature-control-app/src/App.js: {}
react-temperature-control-app/src/style.css: {}
react-temperature-control-app/src/style.css: Using EditorConfig core...
react-temperature-control-app/src/style.css: {}
react-temperature-control-app/src/style.css: {}
react-temperature-control-app/src/App.js: {}
react-temperature-control-app/src/index.css: {}
react-temperature-control-app/src/index.css: Using EditorConfig core...
react-temperature-control-app/src/index.css: {}
react-temperature-control-app/src/App.js: {}
react-temperature-control-app/src/App.js: Using EditorConfig core...
react-temperature-control-app/src/App.js: Using EditorConfig core...
react-temperature-control-app/src/App.js: Using EditorConfig core...
react-temperature-control-app/src/App.js: Using EditorConfig core...
react-temperature-control-app/src/App.js: Using EditorConfig core...
react-temperature-control-app/src/App.js: Using EditorConfig core...
react-temperature-control-app/src/App.js: Using EditorConfig core...
react-temperature-control-app/src/App.js: Using EditorConfig core...
react-temperature-control-app/src/App.js: Using EditorConfig core...
react-temperature-control-app/src/App.js: {}
react-temperature-control-app/src/App.js: {}
react-temperature-control-app/src/App.js: {}
react-temperature-control-app/src/App.js: {}
react-temperature-control-app/src/App.js: {}
react-temperature-control-app/src/App.js: {}
react-temperature-control-app/src/App.js: Using EditorConfig core...
react-temperature-control-app/src/App.js: {}
react-temperature-control-app/src/App.js: {}
react-temperature-control-app/src/App.js: {}
react-temperature-control-app/src/App.js: Using EditorConfig core...
react-temperature-control-app/src/App.js: Using EditorConfig core...
react-temperature-control-app/src/App.js: {}
react-temperature-control-app/src/App.js: {}
react-temperature-control-app/src/App.js: {}
react-temperature-control-app/src/App.js: Using EditorConfig core...
react-temperature-control-app/src/App.js: Using EditorConfig core...
react-temperature-control-app/src/App.js: {}
react-temperature-control-app/src/App.js: {}
react-temperature-control-app/src/App.js: {}
react-temperature-control-app/src/App.js: Using EditorConfig core...
react-temperature-control-app/src/App.js: Using EditorConfig core...
react-temperature-control-app/src/App.js: {}
react-temperature-control-app/src/App.js: {}
react-temperature-control-app/src/App.js: Using EditorConfig core...
react-temperature-control-app/src/App.js: {}
react-temperature-control-app/src/App.js: Using EditorConfig core...
react-temperature-control-app/src/App.js: Using EditorConfig core...
react-temperature-control-app/src/App.js: Using EditorConfig core...
react-temperature-control-app/src/App.js: Using EditorConfig core...
react-temperature-control-app/src/App.js: Using EditorConfig core...
react-temperature-control-app/src/App.js: Using EditorConfig core...
react-temperature-control-app/src/App.js: {}
react-temperature-control-app/src/App.js: Using EditorConfig core...
react-temperature-control-app/src/App.js: Using EditorConfig core...
react-temperature-control-app/src/App.js: Using EditorConfig core...
react-temperature-control-app/src/App.js: Using EditorConfig core...
react-temperature-control-app/src/App.js: {}
react-temperature-control-app/src/App.js: Using EditorConfig core...
react-temperature-control-app/src/App.js: {}
react-temperature-control-app/src/App.js: Using EditorConfig core...
react-temperature-control-app/src/App.js: Using EditorConfig core...
react-temperature-control-app/src/App.js: Using EditorConfig core...
react-temperature-control-app/src/App.js: Using EditorConfig core...
react-temperature-control-app/src/App.js: {}
react-temperature-control-app/src/App.js: Using EditorConfig core...
react-temperature-control-app/src/App.js: Using EditorConfig core...
react-temperature-control-app/src/App.js: Using EditorConfig core...
react-temperature-control-app/src/App.js: {}
react-temperature-control-app/src/App.js: Using EditorConfig core...
react-temperature-control-app/src/App.js: Using EditorConfig core...
react-temperature-control-app/src/App.js: Using EditorConfig core...
react-temperature-control-app/src/App.js: Using EditorConfig core...
react-temperature-control-app/src/App.js: Using EditorConfig core...
react-temperature-control-app/src/App.js: {}
react-temperature-control-app/src/App.js: Using EditorConfig core...
react-temperature-control-app/src/App.js: Using EditorConfig core...
react-temperature-control-app/src/App.js: Using EditorConfig core...
react-temperature-control-app/src/App.js: Using EditorConfig core...
react-temperature-control-app/src/App.js: Using EditorConfig core...
react-temperature-control-app/src/App.js: Using EditorConfig core...
react-temperature-control-app/src/App.js: {}
react-temperature-control-app/src/App.js: Using EditorConfig core...
react-temperature-control-app/src/App.js: Using EditorConfig core...
react-temperature-control-app/src/App.js: Using EditorConfig core...
react-temperature-control-app/src/App.js: Using EditorConfig core...
react-temperature-control-app/src/App.js: Using EditorConfig core...
react-temperature-control-app/src/App.js: Using EditorConfig core...
react-temperature-control-app/src/App.js: Using EditorConfig core...
react-temperature-control-app/src/App.js: Using EditorConfig core...
react-temperature-control-app/src/App.js: Using EditorConfig core...
react-temperature-control-app/src/App.js: Using EditorConfig core...
react-temperature-control-app/src/App.js: Using EditorConfig core...
react-temperature-control-app/src/App.js: {}
react-temperature-control-app/src/App.js: Using EditorConfig core...
react-temperature-control-app/src/App.js: {}
react-temperature-control-app/src/App.js: {}
react-temperature-control-app/src/App.js: {}
react-temperature-control-app/src/App.js: {}
react-temperature-control-app/src/App.js: {}
react-temperature-control-app/src/App.js: Using EditorConfig core...
react-temperature-control-app/src/App.js: {}
react-temperature-control-app/src/App.js: Using EditorConfig core...
react-temperature-control-app/src/App.js: {}
react-temperature-control-app/src/App.js: Using EditorConfig core...
react-temperature-control-app/src/App.js: Using EditorConfig core...
react-temperature-control-app/src/App.js: Using EditorConfig core...
react-temperature-control-app/src/App.js: {}
react-temperature-control-app/src/App.js: {}
react-temperature-control-app/src/App.js: {}
react-temperature-control-app/src/App.js: Using EditorConfig core...
react-temperature-control-app/src/App.js: Using EditorConfig core...
react-temperature-control-app/src/App.js: {}
react-temperature-control-app/src/App.js: {}
react-temperature-control-app/src/App.js: Using EditorConfig core...
react-temperature-control-app/src/App.js: Using EditorConfig core...
react-temperature-control-app/src/App.js: Using EditorConfig core...
react-temperature-control-app/src/App.js: Using EditorConfig core...
react-temperature-control-app/src/App.js: Using EditorConfig core...
react-temperature-control-app/src/App.js: Using EditorConfig core...
react-temperature-control-app/src/App.js: Using EditorConfig core...
react-temperature-control-app/src/App.js: Using EditorConfig core...
react-temperature-control-app/src/App.js: Using EditorConfig core...
react-temperature-control-app/src/App.js: {}
react-temperature-control-app/src/App.js: {}
react-temperature-control-app/src/App.js: {}
react-temperature-control-app/src/App.js: Using EditorConfig core...
react-temperature-control-app/src/App.js: Using EditorConfig core...
react-temperature-control-app/src/App.js: {}
react-temperature-control-app/src/App.js: Using EditorConfig core...
react-temperature-control-app/src/App.js: {}
react-temperature-control-app/src/App.js: Using EditorConfig core...
react-temperature-control-app/src/App.js: Using EditorConfig core...
react-temperature-control-app/src/App.js: Using EditorConfig core...
react-temperature-control-app/src/App.js: {}
react-temperature-control-app/src/App.js: Using EditorConfig core...
react-temperature-control-app/src/App.js: {}
