2024-05-16 18:47:13.197 [info] Reading sessions from keychain...
2024-05-16 18:47:13.198 [info] Getting sessions for all scopes...
2024-05-16 18:47:13.212 [info] Got 0 sessions for ...
2024-05-16 18:47:13.321 [info] Getting sessions for all scopes...
2024-05-16 18:47:13.321 [info] Got 0 sessions for ...
2024-05-16 18:47:13.378 [info] Getting sessions for project,read:org,read:user,repo,user:email,workflow...
2024-05-16 18:47:13.378 [info] Got 0 sessions for project,read:org,read:user,repo,user:email,workflow...
2024-05-16 18:47:13.381 [info] Getting sessions for read:user,repo,user:email,workflow...
2024-05-16 18:47:13.381 [info] Got 0 sessions for read:user,repo,user:email,workflow...
2024-05-16 18:47:13.381 [info] Getting sessions for read:user,repo,user:email...
2024-05-16 18:47:13.381 [info] Got 0 sessions for read:user,repo,user:email...
2024-05-16 18:47:13.386 [info] Getting sessions for read:user,repo,user:email,workflow...
2024-05-16 18:47:13.386 [info] Got 0 sessions for read:user,repo,user:email,workflow...
2024-05-16 18:47:15.431 [info] Getting sessions for read:user,repo,user:email,workflow...
2024-05-16 18:47:15.431 [info] Got 0 sessions for read:user,repo,user:email,workflow...
2024-05-16 18:47:15.459 [info] Getting sessions for read:user...
2024-05-16 18:47:15.459 [info] Got 0 sessions for read:user...
2024-05-16 18:47:15.488 [info] Getting sessions for user:email...
2024-05-16 18:47:15.488 [info] Got 0 sessions for user:email...
2024-05-16 18:47:15.775 [info] Getting sessions for read:user,repo,user:email,workflow...
2024-05-16 18:47:15.775 [info] Got 0 sessions for read:user,repo,user:email,workflow...
2024-05-16 18:47:15.780 [info] Getting sessions for read:user...
2024-05-16 18:47:15.780 [info] Got 0 sessions for read:user...
2024-05-16 18:47:15.782 [info] Getting sessions for user:email...
2024-05-16 18:47:15.782 [info] Got 0 sessions for user:email...
2024-05-16 18:47:15.788 [info] Getting sessions for read:user,repo,user:email,workflow...
2024-05-16 18:47:15.788 [info] Got 0 sessions for read:user,repo,user:email,workflow...
2024-05-16 18:47:15.788 [info] Getting sessions for read:user...
2024-05-16 18:47:15.788 [info] Got 0 sessions for read:user...
2024-05-16 18:47:15.788 [info] Getting sessions for user:email...
2024-05-16 18:47:15.788 [info] Got 0 sessions for user:email...
