2024-05-16 18:47:15.449 [info] Log level: Info
2024-05-16 18:47:15.449 [info] Validating found git in: "git"
2024-05-16 18:47:15.449 [info] Using git "2.34.1" from "git"
2024-05-16 18:47:15.449 [info] > git rev-parse --show-toplevel [21ms]
2024-05-16 18:47:15.449 [info] > git rev-parse --git-dir --git-common-dir [2ms]
2024-05-16 18:47:15.449 [info] Open repository: /home/kyawkyawlin/React_Projects/react-temperature-control-app
2024-05-16 18:47:15.458 [info] > git rev-parse --show-toplevel [4ms]
2024-05-16 18:47:15.458 [info] > git config --get commit.template [6ms]
2024-05-16 18:47:15.469 [info] No remotes found in the git config file.
2024-05-16 18:47:15.471 [info] > git rev-parse --show-toplevel [6ms]
2024-05-16 18:47:15.484 [info] > git for-each-ref --format=%(refname)%00%(upstream:short)%00%(objectname)%00%(upstream:track)%00%(upstream:remotename)%00%(upstream:remoteref) refs/heads/master refs/remotes/master [16ms]
2024-05-16 18:47:15.488 [info] > git rev-parse --show-toplevel [5ms]
2024-05-16 18:47:15.497 [info] > git status -z -uall [10ms]
2024-05-16 18:47:15.511 [info] > git config --local branch.master.github-pr-owner-number [16ms]
2024-05-16 18:47:15.511 [warning] git config failed: Failed to execute git
2024-05-16 18:47:15.527 [info] > git config --local branch.master.remote [11ms]
2024-05-16 18:47:15.528 [warning] git config failed: Failed to execute git
2024-05-16 18:47:15.533 [info] > git config --get commit.template [24ms]
2024-05-16 18:47:15.538 [info] > git config --local branch.master.merge [5ms]
2024-05-16 18:47:15.538 [warning] git config failed: Failed to execute git
2024-05-16 18:47:15.545 [info] No remotes found in the git config file.
2024-05-16 18:47:15.616 [info] > git for-each-ref --format=%(refname)%00%(upstream:short)%00%(objectname)%00%(upstream:track)%00%(upstream:remotename)%00%(upstream:remoteref) refs/heads/master refs/remotes/master [71ms]
2024-05-16 18:47:15.623 [info] > git status -z -uall [3ms]
2024-05-16 18:47:15.636 [info] > git config --local branch.master.github-pr-owner-number [1ms]
2024-05-16 18:47:15.636 [warning] git config failed: Failed to execute git
2024-05-16 18:47:15.639 [info] > git config --local branch.master.remote [0ms]
2024-05-16 18:47:15.639 [warning] git config failed: Failed to execute git
2024-05-16 18:47:15.644 [info] > git config --local branch.master.merge [2ms]
2024-05-16 18:47:15.644 [warning] git config failed: Failed to execute git
2024-05-16 18:47:15.963 [info] > git check-ignore -v -z --stdin [1ms]
2024-05-16 18:47:29.541 [info] No remotes found in the git config file.
2024-05-16 18:47:29.543 [info] > git config --get commit.template [8ms]
2024-05-16 18:47:29.543 [info] > git for-each-ref --format=%(refname)%00%(upstream:short)%00%(objectname)%00%(upstream:track)%00%(upstream:remotename)%00%(upstream:remoteref) refs/heads/master refs/remotes/master [3ms]
2024-05-16 18:47:29.553 [info] > git status -z -uall [4ms]
2024-05-16 18:52:15.452 [info] > git config --local branch.master.github-pr-owner-number [1ms]
2024-05-16 18:52:15.452 [warning] git config failed: Failed to execute git
2024-05-16 18:57:15.468 [info] > git config --local branch.master.github-pr-owner-number [5ms]
2024-05-16 18:57:15.468 [warning] git config failed: Failed to execute git
2024-05-16 19:02:01.346 [info] > git config --get commit.template [31ms]
2024-05-16 19:02:01.393 [info] > git for-each-ref --format=%(refname)%00%(upstream:short)%00%(objectname)%00%(upstream:track)%00%(upstream:remotename)%00%(upstream:remoteref) refs/heads/main refs/remotes/main [52ms]
2024-05-16 19:02:01.419 [info] > git status -z -uall [12ms]
2024-05-16 19:02:01.464 [info] > git merge-base refs/heads/main refs/remotes/origin/main [15ms]
2024-05-16 19:02:01.480 [info] > git rev-list --count --left-right refs/heads/main...refs/remotes/origin/main [12ms]
2024-05-16 19:02:01.485 [info] > git diff --name-status -z --diff-filter=ADMR c514b7bdc1533f8938823d16e81d9441ce322b60...refs/remotes/origin/main [1ms]
2024-05-16 19:02:01.500 [info] > git config --local branch.main.github-pr-owner-number [1ms]
2024-05-16 19:02:01.500 [warning] git config failed: Failed to execute git
2024-05-16 19:02:06.173 [info] > git check-ignore -v -z --stdin [3ms]
2024-05-16 19:02:06.474 [info] > git config --get commit.template [3ms]
2024-05-16 19:02:06.476 [info] > git for-each-ref --format=%(refname)%00%(upstream:short)%00%(objectname)%00%(upstream:track)%00%(upstream:remotename)%00%(upstream:remoteref) refs/heads/main refs/remotes/main [2ms]
2024-05-16 19:02:06.482 [info] > git status -z -uall [3ms]
2024-05-16 19:02:07.243 [info] > git show --textconv :src/App.css [8ms]
2024-05-16 19:02:07.245 [info] > git ls-files --stage -- /home/kyawkyawlin/React_Projects/react-temperature-control-app/src/App.css [3ms]
2024-05-16 19:02:07.253 [info] > git cat-file -s 74b5e053450a48a6bdb4d71aad648e7af821975c [3ms]
2024-05-16 19:02:10.431 [info] > git show --textconv :src/App.test.js [5ms]
2024-05-16 19:02:10.432 [info] > git ls-files --stage -- /home/kyawkyawlin/React_Projects/react-temperature-control-app/src/App.test.js [2ms]
2024-05-16 19:02:10.437 [info] > git cat-file -s 1f03afeece5ac28064fa3c73a29215037465f789 [1ms]
2024-05-16 19:02:10.852 [info] > git show --textconv :src/App.js [6ms]
2024-05-16 19:02:10.853 [info] > git ls-files --stage -- /home/kyawkyawlin/React_Projects/react-temperature-control-app/src/App.js [2ms]
2024-05-16 19:02:10.859 [info] > git cat-file -s 37845757234ccb68531c10cf7a2ffc589c47e342 [1ms]
2024-05-16 19:02:11.499 [info] > git config --get commit.template [5ms]
2024-05-16 19:02:11.500 [info] > git for-each-ref --format=%(refname)%00%(upstream:short)%00%(objectname)%00%(upstream:track)%00%(upstream:remotename)%00%(upstream:remoteref) refs/heads/main refs/remotes/main [1ms]
2024-05-16 19:02:11.508 [info] > git status -z -uall [3ms]
2024-05-16 19:02:13.478 [info] > git show --textconv :src/index.css [3ms]
2024-05-16 19:02:13.479 [info] > git ls-files --stage -- /home/kyawkyawlin/React_Projects/react-temperature-control-app/src/index.css [1ms]
2024-05-16 19:02:13.483 [info] > git cat-file -s ec2585e8c0bb8188184ed1e0703c4c8f2a8419b0 [1ms]
2024-05-16 19:02:13.936 [info] > git show --textconv :src/App.test.js [4ms]
2024-05-16 19:02:13.937 [info] > git ls-files --stage -- /home/kyawkyawlin/React_Projects/react-temperature-control-app/src/App.test.js [1ms]
2024-05-16 19:02:13.940 [info] > git cat-file -s 1f03afeece5ac28064fa3c73a29215037465f789 [1ms]
2024-05-16 19:02:15.678 [info] > git config --local branch.main.github-pr-owner-number [1ms]
2024-05-16 19:02:15.678 [warning] git config failed: Failed to execute git
2024-05-16 19:02:16.521 [info] > git config --get commit.template [4ms]
2024-05-16 19:02:16.521 [info] > git for-each-ref --format=%(refname)%00%(upstream:short)%00%(objectname)%00%(upstream:track)%00%(upstream:remotename)%00%(upstream:remoteref) refs/heads/main refs/remotes/main [1ms]
2024-05-16 19:02:16.532 [info] > git status -z -uall [7ms]
2024-05-16 19:02:19.098 [info] > git show --textconv :src/App.js [4ms]
2024-05-16 19:02:19.099 [info] > git ls-files --stage -- /home/kyawkyawlin/React_Projects/react-temperature-control-app/src/App.js [1ms]
2024-05-16 19:02:19.103 [info] > git cat-file -s 37845757234ccb68531c10cf7a2ffc589c47e342 [1ms]
2024-05-16 19:02:20.127 [info] > git ls-files --stage -- /home/kyawkyawlin/React_Projects/react-temperature-control-app/src/reportWebVitals.js [1ms]
2024-05-16 19:02:20.130 [info] > git show --textconv :src/reportWebVitals.js [9ms]
2024-05-16 19:02:20.131 [info] > git cat-file -s 5253d3ad9e6be6690549cb255f5952337b02401d [1ms]
2024-05-16 19:02:21.544 [info] > git config --get commit.template [4ms]
2024-05-16 19:02:21.544 [info] > git for-each-ref --format=%(refname)%00%(upstream:short)%00%(objectname)%00%(upstream:track)%00%(upstream:remotename)%00%(upstream:remoteref) refs/heads/main refs/remotes/main [1ms]
2024-05-16 19:02:21.550 [info] > git status -z -uall [2ms]
2024-05-16 19:02:25.113 [info] > git show --textconv :src/App.js [4ms]
2024-05-16 19:02:25.114 [info] > git ls-files --stage -- /home/kyawkyawlin/React_Projects/react-temperature-control-app/src/App.js [1ms]
2024-05-16 19:02:25.118 [info] > git cat-file -s 37845757234ccb68531c10cf7a2ffc589c47e342 [0ms]
2024-05-16 19:02:26.149 [info] > git show --textconv :src/logo.svg [3ms]
2024-05-16 19:02:26.150 [info] > git ls-files --stage -- /home/kyawkyawlin/React_Projects/react-temperature-control-app/src/logo.svg [1ms]
2024-05-16 19:02:26.154 [info] > git cat-file -s 9dfc1c058cebbef8b891c5062be6f31033d7d186 [1ms]
2024-05-16 19:02:26.562 [info] > git config --get commit.template [4ms]
2024-05-16 19:02:26.562 [info] > git for-each-ref --format=%(refname)%00%(upstream:short)%00%(objectname)%00%(upstream:track)%00%(upstream:remotename)%00%(upstream:remoteref) refs/heads/main refs/remotes/main [1ms]
2024-05-16 19:02:26.567 [info] > git status -z -uall [2ms]
2024-05-16 19:02:29.176 [info] > git show --textconv :src/App.js [4ms]
2024-05-16 19:02:29.177 [info] > git ls-files --stage -- /home/kyawkyawlin/React_Projects/react-temperature-control-app/src/App.js [1ms]
2024-05-16 19:02:29.180 [info] > git cat-file -s 37845757234ccb68531c10cf7a2ffc589c47e342 [0ms]
2024-05-16 19:02:31.579 [info] > git config --get commit.template [3ms]
2024-05-16 19:02:31.579 [info] > git for-each-ref --format=%(refname)%00%(upstream:short)%00%(objectname)%00%(upstream:track)%00%(upstream:remotename)%00%(upstream:remoteref) refs/heads/main refs/remotes/main [1ms]
2024-05-16 19:02:31.585 [info] > git status -z -uall [3ms]
2024-05-16 19:02:44.472 [info] > git config --get commit.template [11ms]
2024-05-16 19:02:44.473 [info] > git for-each-ref --format=%(refname)%00%(upstream:short)%00%(objectname)%00%(upstream:track)%00%(upstream:remotename)%00%(upstream:remoteref) refs/heads/main refs/remotes/main [2ms]
2024-05-16 19:02:44.486 [info] > git status -z -uall [3ms]
2024-05-16 19:02:49.946 [info] > git config --get commit.template [11ms]
2024-05-16 19:02:49.948 [info] > git for-each-ref --format=%(refname)%00%(upstream:short)%00%(objectname)%00%(upstream:track)%00%(upstream:remotename)%00%(upstream:remoteref) refs/heads/main refs/remotes/main [2ms]
2024-05-16 19:02:49.960 [info] > git status -z -uall [6ms]
2024-05-16 19:02:53.233 [info] > git show --textconv :src/index.css [4ms]
2024-05-16 19:02:53.234 [info] > git ls-files --stage -- /home/kyawkyawlin/React_Projects/react-temperature-control-app/src/index.css [1ms]
2024-05-16 19:02:53.242 [info] > git cat-file -s ec2585e8c0bb8188184ed1e0703c4c8f2a8419b0 [2ms]
2024-05-16 19:02:54.096 [info] > git show --textconv :src/App.css [4ms]
2024-05-16 19:02:54.096 [info] > git ls-files --stage -- /home/kyawkyawlin/React_Projects/react-temperature-control-app/src/App.css [1ms]
2024-05-16 19:02:54.105 [info] > git cat-file -s 74b5e053450a48a6bdb4d71aad648e7af821975c [4ms]
2024-05-16 19:02:54.973 [info] > git config --get commit.template [3ms]
2024-05-16 19:02:54.973 [info] > git for-each-ref --format=%(refname)%00%(upstream:short)%00%(objectname)%00%(upstream:track)%00%(upstream:remotename)%00%(upstream:remoteref) refs/heads/main refs/remotes/main [1ms]
2024-05-16 19:02:54.978 [info] > git status -z -uall [2ms]
2024-05-16 19:02:57.664 [info] > git show --textconv :src/index.css [5ms]
2024-05-16 19:02:57.665 [info] > git ls-files --stage -- /home/kyawkyawlin/React_Projects/react-temperature-control-app/src/index.css [1ms]
2024-05-16 19:02:57.669 [info] > git cat-file -s ec2585e8c0bb8188184ed1e0703c4c8f2a8419b0 [1ms]
2024-05-16 19:02:59.890 [info] > git show --textconv :src/App.js [4ms]
2024-05-16 19:02:59.891 [info] > git ls-files --stage -- /home/kyawkyawlin/React_Projects/react-temperature-control-app/src/App.js [1ms]
2024-05-16 19:02:59.895 [info] > git cat-file -s 37845757234ccb68531c10cf7a2ffc589c47e342 [1ms]
2024-05-16 19:02:59.992 [info] > git config --get commit.template [4ms]
2024-05-16 19:02:59.993 [info] > git for-each-ref --format=%(refname)%00%(upstream:short)%00%(objectname)%00%(upstream:track)%00%(upstream:remotename)%00%(upstream:remoteref) refs/heads/main refs/remotes/main [1ms]
2024-05-16 19:02:59.999 [info] > git status -z -uall [2ms]
2024-05-16 19:03:00.346 [info] > git show --textconv :src/App.css [4ms]
2024-05-16 19:03:00.346 [info] > git ls-files --stage -- /home/kyawkyawlin/React_Projects/react-temperature-control-app/src/App.css [1ms]
2024-05-16 19:03:00.351 [info] > git cat-file -s 74b5e053450a48a6bdb4d71aad648e7af821975c [0ms]
2024-05-16 19:03:03.703 [info] > git show --textconv :src/App.js [4ms]
2024-05-16 19:03:03.704 [info] > git ls-files --stage -- /home/kyawkyawlin/React_Projects/react-temperature-control-app/src/App.js [1ms]
2024-05-16 19:03:03.708 [info] > git cat-file -s 37845757234ccb68531c10cf7a2ffc589c47e342 [1ms]
2024-05-16 19:03:07.111 [info] > git config --get commit.template [16ms]
2024-05-16 19:03:07.114 [info] > git for-each-ref --format=%(refname)%00%(upstream:short)%00%(objectname)%00%(upstream:track)%00%(upstream:remotename)%00%(upstream:remoteref) refs/heads/main refs/remotes/main [6ms]
2024-05-16 19:03:07.134 [info] > git status -z -uall [3ms]
2024-05-16 19:03:12.151 [info] > git config --get commit.template [4ms]
2024-05-16 19:03:12.152 [info] > git for-each-ref --format=%(refname)%00%(upstream:short)%00%(objectname)%00%(upstream:track)%00%(upstream:remotename)%00%(upstream:remoteref) refs/heads/main refs/remotes/main [1ms]
2024-05-16 19:03:12.157 [info] > git status -z -uall [2ms]
2024-05-16 19:03:12.484 [info] > git show --textconv :src/index.css [7ms]
2024-05-16 19:03:12.486 [info] > git ls-files --stage -- /home/kyawkyawlin/React_Projects/react-temperature-control-app/src/index.css [2ms]
2024-05-16 19:03:12.491 [info] > git cat-file -s ec2585e8c0bb8188184ed1e0703c4c8f2a8419b0 [1ms]
2024-05-16 19:04:48.844 [info] > git config --get commit.template [12ms]
2024-05-16 19:04:48.847 [info] > git for-each-ref --format=%(refname)%00%(upstream:short)%00%(objectname)%00%(upstream:track)%00%(upstream:remotename)%00%(upstream:remoteref) refs/heads/main refs/remotes/main [4ms]
2024-05-16 19:04:48.856 [info] > git status -z -uall [2ms]
2024-05-16 19:04:51.372 [info] > git ls-files --stage -- /home/kyawkyawlin/React_Projects/react-temperature-control-app/src/index.js [1ms]
2024-05-16 19:04:51.376 [info] > git show --textconv :src/index.js [8ms]
2024-05-16 19:04:51.377 [info] > git cat-file -s d563c0fb10ba0e42724b21286eb546ee4e5734fc [1ms]
2024-05-16 19:04:53.869 [info] > git config --get commit.template [4ms]
2024-05-16 19:04:53.870 [info] > git for-each-ref --format=%(refname)%00%(upstream:short)%00%(objectname)%00%(upstream:track)%00%(upstream:remotename)%00%(upstream:remoteref) refs/heads/main refs/remotes/main [2ms]
2024-05-16 19:04:53.875 [info] > git status -z -uall [2ms]
2024-05-16 19:04:54.380 [info] > git show --textconv :src/App.js [4ms]
2024-05-16 19:04:54.381 [info] > git ls-files --stage -- /home/kyawkyawlin/React_Projects/react-temperature-control-app/src/App.js [2ms]
2024-05-16 19:04:54.384 [info] > git cat-file -s 37845757234ccb68531c10cf7a2ffc589c47e342 [0ms]
2024-05-16 19:04:58.888 [info] > git config --get commit.template [4ms]
2024-05-16 19:04:58.889 [info] > git for-each-ref --format=%(refname)%00%(upstream:short)%00%(objectname)%00%(upstream:track)%00%(upstream:remotename)%00%(upstream:remoteref) refs/heads/main refs/remotes/main [2ms]
2024-05-16 19:04:58.896 [info] > git status -z -uall [4ms]
2024-05-16 19:05:03.907 [info] > git config --get commit.template [3ms]
2024-05-16 19:05:03.907 [info] > git for-each-ref --format=%(refname)%00%(upstream:short)%00%(objectname)%00%(upstream:track)%00%(upstream:remotename)%00%(upstream:remoteref) refs/heads/main refs/remotes/main [1ms]
2024-05-16 19:05:03.912 [info] > git status -z -uall [2ms]
2024-05-16 19:05:11.396 [info] > git config --get commit.template [14ms]
2024-05-16 19:05:11.397 [info] > git for-each-ref --format=%(refname)%00%(upstream:short)%00%(objectname)%00%(upstream:track)%00%(upstream:remotename)%00%(upstream:remoteref) refs/heads/main refs/remotes/main [2ms]
2024-05-16 19:05:11.404 [info] > git status -z -uall [2ms]
2024-05-16 19:06:39.026 [info] > git config --get commit.template [17ms]
2024-05-16 19:06:39.028 [info] > git for-each-ref --format=%(refname)%00%(upstream:short)%00%(objectname)%00%(upstream:track)%00%(upstream:remotename)%00%(upstream:remoteref) refs/heads/main refs/remotes/main [4ms]
2024-05-16 19:06:39.043 [info] > git status -z -uall [3ms]
2024-05-16 19:06:44.058 [info] > git config --get commit.template [4ms]
2024-05-16 19:06:44.058 [info] > git for-each-ref --format=%(refname)%00%(upstream:short)%00%(objectname)%00%(upstream:track)%00%(upstream:remotename)%00%(upstream:remoteref) refs/heads/main refs/remotes/main [1ms]
2024-05-16 19:06:44.064 [info] > git status -z -uall [2ms]
2024-05-16 19:06:50.076 [info] > git config --get commit.template [13ms]
2024-05-16 19:06:50.077 [info] > git for-each-ref --format=%(refname)%00%(upstream:short)%00%(objectname)%00%(upstream:track)%00%(upstream:remotename)%00%(upstream:remoteref) refs/heads/main refs/remotes/main [2ms]
2024-05-16 19:06:50.087 [info] > git status -z -uall [3ms]
2024-05-16 19:06:57.022 [info] > git config --get commit.template [15ms]
2024-05-16 19:06:57.022 [info] > git for-each-ref --format=%(refname)%00%(upstream:short)%00%(objectname)%00%(upstream:track)%00%(upstream:remotename)%00%(upstream:remoteref) refs/heads/main refs/remotes/main [2ms]
2024-05-16 19:06:57.032 [info] > git status -z -uall [3ms]
2024-05-16 19:06:57.831 [info] > git show --textconv :src/index.js [4ms]
2024-05-16 19:06:57.831 [info] > git ls-files --stage -- /home/kyawkyawlin/React_Projects/react-temperature-control-app/src/index.js [0ms]
2024-05-16 19:06:57.836 [info] > git cat-file -s d563c0fb10ba0e42724b21286eb546ee4e5734fc [1ms]
2024-05-16 19:07:02.380 [info] > git config --get commit.template [16ms]
2024-05-16 19:07:02.383 [info] > git for-each-ref --format=%(refname)%00%(upstream:short)%00%(objectname)%00%(upstream:track)%00%(upstream:remotename)%00%(upstream:remoteref) refs/heads/main refs/remotes/main [4ms]
2024-05-16 19:07:02.404 [info] > git status -z -uall [6ms]
2024-05-16 19:07:15.683 [info] > git config --local branch.main.github-pr-owner-number [1ms]
2024-05-16 19:07:15.683 [warning] git config failed: Failed to execute git
2024-05-16 19:07:26.733 [info] > git config --get commit.template [8ms]
2024-05-16 19:07:26.734 [info] > git for-each-ref --format=%(refname)%00%(upstream:short)%00%(objectname)%00%(upstream:track)%00%(upstream:remotename)%00%(upstream:remoteref) refs/heads/main refs/remotes/main [2ms]
2024-05-16 19:07:26.745 [info] > git status -z -uall [4ms]
2024-05-16 19:07:28.371 [info] > git show --textconv :src/App.js [6ms]
2024-05-16 19:07:28.372 [info] > git ls-files --stage -- /home/kyawkyawlin/React_Projects/react-temperature-control-app/src/App.js [2ms]
2024-05-16 19:07:28.380 [info] > git cat-file -s 37845757234ccb68531c10cf7a2ffc589c47e342 [2ms]
2024-05-16 19:07:31.759 [info] > git config --get commit.template [5ms]
2024-05-16 19:07:31.759 [info] > git for-each-ref --format=%(refname)%00%(upstream:short)%00%(objectname)%00%(upstream:track)%00%(upstream:remotename)%00%(upstream:remoteref) refs/heads/main refs/remotes/main [1ms]
2024-05-16 19:07:31.766 [info] > git status -z -uall [2ms]
2024-05-16 19:07:36.778 [info] > git config --get commit.template [4ms]
2024-05-16 19:07:36.778 [info] > git for-each-ref --format=%(refname)%00%(upstream:short)%00%(objectname)%00%(upstream:track)%00%(upstream:remotename)%00%(upstream:remoteref) refs/heads/main refs/remotes/main [1ms]
2024-05-16 19:07:36.784 [info] > git status -z -uall [2ms]
2024-05-16 19:07:41.795 [info] > git config --get commit.template [4ms]
2024-05-16 19:07:41.796 [info] > git for-each-ref --format=%(refname)%00%(upstream:short)%00%(objectname)%00%(upstream:track)%00%(upstream:remotename)%00%(upstream:remoteref) refs/heads/main refs/remotes/main [1ms]
2024-05-16 19:07:41.801 [info] > git status -z -uall [2ms]
2024-05-16 19:07:49.015 [info] > git config --get commit.template [1ms]
2024-05-16 19:07:49.028 [info] > git for-each-ref --format=%(refname)%00%(upstream:short)%00%(objectname)%00%(upstream:track)%00%(upstream:remotename)%00%(upstream:remoteref) refs/heads/main refs/remotes/main [2ms]
2024-05-16 19:07:49.039 [info] > git status -z -uall [5ms]
2024-05-16 19:07:50.198 [info] > git show --textconv :src/index.css [5ms]
2024-05-16 19:07:50.199 [info] > git ls-files --stage -- /home/kyawkyawlin/React_Projects/react-temperature-control-app/src/index.css [1ms]
2024-05-16 19:07:50.206 [info] > git cat-file -s ec2585e8c0bb8188184ed1e0703c4c8f2a8419b0 [1ms]
2024-05-16 19:07:50.763 [info] > git show --textconv :src/index.js [4ms]
2024-05-16 19:07:50.763 [info] > git ls-files --stage -- /home/kyawkyawlin/React_Projects/react-temperature-control-app/src/index.js [1ms]
2024-05-16 19:07:50.767 [info] > git cat-file -s d563c0fb10ba0e42724b21286eb546ee4e5734fc [1ms]
2024-05-16 19:07:58.352 [info] > git config --get commit.template [13ms]
2024-05-16 19:07:58.355 [info] > git for-each-ref --format=%(refname)%00%(upstream:short)%00%(objectname)%00%(upstream:track)%00%(upstream:remotename)%00%(upstream:remoteref) refs/heads/main refs/remotes/main [4ms]
2024-05-16 19:07:58.368 [info] > git status -z -uall [4ms]
2024-05-16 19:08:03.382 [info] > git config --get commit.template [5ms]
2024-05-16 19:08:03.383 [info] > git for-each-ref --format=%(refname)%00%(upstream:short)%00%(objectname)%00%(upstream:track)%00%(upstream:remotename)%00%(upstream:remoteref) refs/heads/main refs/remotes/main [1ms]
2024-05-16 19:08:03.388 [info] > git status -z -uall [3ms]
2024-05-16 19:12:15.698 [info] > git config --local branch.main.github-pr-owner-number [3ms]
2024-05-16 19:12:15.698 [warning] git config failed: Failed to execute git
2024-05-16 19:17:15.746 [info] > git config --local branch.main.github-pr-owner-number [13ms]
2024-05-16 19:17:15.747 [warning] git config failed: Failed to execute git
2024-05-16 19:22:15.756 [info] > git config --local branch.main.github-pr-owner-number [1ms]
2024-05-16 19:22:15.756 [warning] git config failed: Failed to execute git
2024-05-16 19:23:24.509 [info] > git config --get commit.template [5ms]
2024-05-16 19:23:24.514 [info] > git for-each-ref --format=%(refname)%00%(upstream:short)%00%(objectname)%00%(upstream:track)%00%(upstream:remotename)%00%(upstream:remoteref) refs/heads/main refs/remotes/main [6ms]
2024-05-16 19:23:24.529 [info] > git status -z -uall [10ms]
2024-05-16 19:23:27.011 [info] > git show --textconv :src/index.css [4ms]
2024-05-16 19:23:27.012 [info] > git ls-files --stage -- /home/kyawkyawlin/React_Projects/react-temperature-control-app/src/index.css [1ms]
2024-05-16 19:23:27.017 [info] > git cat-file -s ec2585e8c0bb8188184ed1e0703c4c8f2a8419b0 [1ms]
2024-05-16 19:23:27.405 [info] > git show --textconv :src/App.js [4ms]
2024-05-16 19:23:27.405 [info] > git ls-files --stage -- /home/kyawkyawlin/React_Projects/react-temperature-control-app/src/App.js [1ms]
2024-05-16 19:23:27.410 [info] > git cat-file -s 37845757234ccb68531c10cf7a2ffc589c47e342 [1ms]
2024-05-16 19:23:29.550 [info] > git config --get commit.template [4ms]
2024-05-16 19:23:29.551 [info] > git for-each-ref --format=%(refname)%00%(upstream:short)%00%(objectname)%00%(upstream:track)%00%(upstream:remotename)%00%(upstream:remoteref) refs/heads/main refs/remotes/main [1ms]
2024-05-16 19:23:29.556 [info] > git status -z -uall [2ms]
2024-05-16 19:23:34.565 [info] > git config --get commit.template [1ms]
2024-05-16 19:23:34.570 [info] > git for-each-ref --format=%(refname)%00%(upstream:short)%00%(objectname)%00%(upstream:track)%00%(upstream:remotename)%00%(upstream:remoteref) refs/heads/main refs/remotes/main [1ms]
2024-05-16 19:23:34.577 [info] > git status -z -uall [3ms]
2024-05-16 19:23:39.591 [info] > git config --get commit.template [4ms]
2024-05-16 19:23:39.591 [info] > git for-each-ref --format=%(refname)%00%(upstream:short)%00%(objectname)%00%(upstream:track)%00%(upstream:remotename)%00%(upstream:remoteref) refs/heads/main refs/remotes/main [1ms]
2024-05-16 19:23:39.596 [info] > git status -z -uall [2ms]
2024-05-16 19:23:44.610 [info] > git config --get commit.template [6ms]
2024-05-16 19:23:44.610 [info] > git for-each-ref --format=%(refname)%00%(upstream:short)%00%(objectname)%00%(upstream:track)%00%(upstream:remotename)%00%(upstream:remoteref) refs/heads/main refs/remotes/main [1ms]
2024-05-16 19:23:44.617 [info] > git status -z -uall [3ms]
2024-05-16 19:23:49.630 [info] > git config --get commit.template [6ms]
2024-05-16 19:23:49.630 [info] > git for-each-ref --format=%(refname)%00%(upstream:short)%00%(objectname)%00%(upstream:track)%00%(upstream:remotename)%00%(upstream:remoteref) refs/heads/main refs/remotes/main [3ms]
2024-05-16 19:23:49.635 [info] > git status -z -uall [2ms]
2024-05-16 19:23:56.270 [info] > git config --get commit.template [16ms]
2024-05-16 19:23:56.276 [info] > git for-each-ref --format=%(refname)%00%(upstream:short)%00%(objectname)%00%(upstream:track)%00%(upstream:remotename)%00%(upstream:remoteref) refs/heads/main refs/remotes/main [8ms]
2024-05-16 19:23:56.291 [info] > git status -z -uall [5ms]
2024-05-16 19:24:01.304 [info] > git config --get commit.template [3ms]
2024-05-16 19:24:01.305 [info] > git for-each-ref --format=%(refname)%00%(upstream:short)%00%(objectname)%00%(upstream:track)%00%(upstream:remotename)%00%(upstream:remoteref) refs/heads/main refs/remotes/main [1ms]
2024-05-16 19:24:01.316 [info] > git status -z -uall [3ms]
2024-05-16 19:24:06.329 [info] > git config --get commit.template [5ms]
2024-05-16 19:24:06.329 [info] > git for-each-ref --format=%(refname)%00%(upstream:short)%00%(objectname)%00%(upstream:track)%00%(upstream:remotename)%00%(upstream:remoteref) refs/heads/main refs/remotes/main [1ms]
2024-05-16 19:24:06.335 [info] > git status -z -uall [2ms]
2024-05-16 19:24:11.352 [info] > git config --get commit.template [6ms]
2024-05-16 19:24:11.353 [info] > git for-each-ref --format=%(refname)%00%(upstream:short)%00%(objectname)%00%(upstream:track)%00%(upstream:remotename)%00%(upstream:remoteref) refs/heads/main refs/remotes/main [1ms]
2024-05-16 19:24:11.362 [info] > git status -z -uall [4ms]
2024-05-16 19:24:16.378 [info] > git config --get commit.template [5ms]
2024-05-16 19:24:16.379 [info] > git for-each-ref --format=%(refname)%00%(upstream:short)%00%(objectname)%00%(upstream:track)%00%(upstream:remotename)%00%(upstream:remoteref) refs/heads/main refs/remotes/main [1ms]
2024-05-16 19:24:16.387 [info] > git status -z -uall [4ms]
2024-05-16 19:24:21.404 [info] > git config --get commit.template [6ms]
2024-05-16 19:24:21.404 [info] > git for-each-ref --format=%(refname)%00%(upstream:short)%00%(objectname)%00%(upstream:track)%00%(upstream:remotename)%00%(upstream:remoteref) refs/heads/main refs/remotes/main [1ms]
2024-05-16 19:24:21.411 [info] > git status -z -uall [2ms]
2024-05-16 19:24:26.426 [info] > git config --get commit.template [4ms]
2024-05-16 19:24:26.426 [info] > git for-each-ref --format=%(refname)%00%(upstream:short)%00%(objectname)%00%(upstream:track)%00%(upstream:remotename)%00%(upstream:remoteref) refs/heads/main refs/remotes/main [1ms]
2024-05-16 19:24:26.433 [info] > git status -z -uall [2ms]
2024-05-16 19:24:31.448 [info] > git config --get commit.template [5ms]
2024-05-16 19:24:31.449 [info] > git for-each-ref --format=%(refname)%00%(upstream:short)%00%(objectname)%00%(upstream:track)%00%(upstream:remotename)%00%(upstream:remoteref) refs/heads/main refs/remotes/main [1ms]
2024-05-16 19:24:31.455 [info] > git status -z -uall [3ms]
2024-05-16 19:24:56.598 [info] > git config --get commit.template [7ms]
2024-05-16 19:24:56.599 [info] > git for-each-ref --format=%(refname)%00%(upstream:short)%00%(objectname)%00%(upstream:track)%00%(upstream:remotename)%00%(upstream:remoteref) refs/heads/main refs/remotes/main [2ms]
2024-05-16 19:24:56.609 [info] > git status -z -uall [3ms]
2024-05-16 19:24:59.033 [info] > git show --textconv :src/index.js [5ms]
2024-05-16 19:24:59.034 [info] > git ls-files --stage -- /home/kyawkyawlin/React_Projects/react-temperature-control-app/src/index.js [2ms]
2024-05-16 19:24:59.038 [info] > git cat-file -s d563c0fb10ba0e42724b21286eb546ee4e5734fc [1ms]
2024-05-16 19:25:00.874 [info] > git show --textconv :src/index.css [9ms]
2024-05-16 19:25:00.875 [info] > git ls-files --stage -- /home/kyawkyawlin/React_Projects/react-temperature-control-app/src/index.css [2ms]
2024-05-16 19:25:00.886 [info] > git cat-file -s ec2585e8c0bb8188184ed1e0703c4c8f2a8419b0 [5ms]
2024-05-16 19:25:01.621 [info] > git config --get commit.template [3ms]
2024-05-16 19:25:01.622 [info] > git for-each-ref --format=%(refname)%00%(upstream:short)%00%(objectname)%00%(upstream:track)%00%(upstream:remotename)%00%(upstream:remoteref) refs/heads/main refs/remotes/main [1ms]
2024-05-16 19:25:01.627 [info] > git status -z -uall [2ms]
2024-05-16 19:25:03.617 [info] > git show --textconv :src/App.js [7ms]
2024-05-16 19:25:03.617 [info] > git ls-files --stage -- /home/kyawkyawlin/React_Projects/react-temperature-control-app/src/App.js [1ms]
2024-05-16 19:25:03.622 [info] > git cat-file -s 37845757234ccb68531c10cf7a2ffc589c47e342 [1ms]
2024-05-16 19:25:20.529 [info] > git config --get commit.template [13ms]
2024-05-16 19:25:20.530 [info] > git for-each-ref --format=%(refname)%00%(upstream:short)%00%(objectname)%00%(upstream:track)%00%(upstream:remotename)%00%(upstream:remoteref) refs/heads/main refs/remotes/main [2ms]
2024-05-16 19:25:20.542 [info] > git status -z -uall [4ms]
2024-05-16 19:25:25.570 [info] > git config --get commit.template [14ms]
2024-05-16 19:25:25.571 [info] > git for-each-ref --format=%(refname)%00%(upstream:short)%00%(objectname)%00%(upstream:track)%00%(upstream:remotename)%00%(upstream:remoteref) refs/heads/main refs/remotes/main [11ms]
2024-05-16 19:25:25.588 [info] > git status -z -uall [13ms]
2024-05-16 19:25:27.742 [info] > git show --textconv :src/style.css [4ms]
2024-05-16 19:25:27.743 [info] > git ls-files --stage -- /home/kyawkyawlin/React_Projects/react-temperature-control-app/src/style.css [1ms]
2024-05-16 19:25:28.020 [info] > git check-ignore -v -z --stdin [3ms]
2024-05-16 19:25:33.007 [info] > git config --get commit.template [11ms]
2024-05-16 19:25:33.009 [info] > git for-each-ref --format=%(refname)%00%(upstream:short)%00%(objectname)%00%(upstream:track)%00%(upstream:remotename)%00%(upstream:remoteref) refs/heads/main refs/remotes/main [4ms]
2024-05-16 19:25:33.019 [info] > git status -z -uall [5ms]
2024-05-16 19:25:35.390 [info] > git show --textconv :src/App.js [5ms]
2024-05-16 19:25:35.391 [info] > git ls-files --stage -- /home/kyawkyawlin/React_Projects/react-temperature-control-app/src/App.js [2ms]
2024-05-16 19:25:35.394 [info] > git cat-file -s 37845757234ccb68531c10cf7a2ffc589c47e342 [1ms]
2024-05-16 19:25:37.303 [info] > git show --textconv :src/index.css [5ms]
2024-05-16 19:25:37.304 [info] > git ls-files --stage -- /home/kyawkyawlin/React_Projects/react-temperature-control-app/src/index.css [2ms]
2024-05-16 19:25:37.308 [info] > git cat-file -s ec2585e8c0bb8188184ed1e0703c4c8f2a8419b0 [1ms]
2024-05-16 19:25:38.030 [info] > git config --get commit.template [3ms]
2024-05-16 19:25:38.030 [info] > git for-each-ref --format=%(refname)%00%(upstream:short)%00%(objectname)%00%(upstream:track)%00%(upstream:remotename)%00%(upstream:remoteref) refs/heads/main refs/remotes/main [1ms]
2024-05-16 19:25:38.036 [info] > git status -z -uall [2ms]
2024-05-16 19:25:43.048 [info] > git config --get commit.template [3ms]
2024-05-16 19:25:43.049 [info] > git for-each-ref --format=%(refname)%00%(upstream:short)%00%(objectname)%00%(upstream:track)%00%(upstream:remotename)%00%(upstream:remoteref) refs/heads/main refs/remotes/main [1ms]
2024-05-16 19:25:43.055 [info] > git status -z -uall [3ms]
2024-05-16 19:26:06.944 [info] > git config --get commit.template [8ms]
2024-05-16 19:26:06.945 [info] > git for-each-ref --format=%(refname)%00%(upstream:short)%00%(objectname)%00%(upstream:track)%00%(upstream:remotename)%00%(upstream:remoteref) refs/heads/main refs/remotes/main [2ms]
2024-05-16 19:26:06.952 [info] > git status -z -uall [3ms]
2024-05-16 19:26:09.114 [info] > git show --textconv :src/App.js [4ms]
2024-05-16 19:26:09.115 [info] > git ls-files --stage -- /home/kyawkyawlin/React_Projects/react-temperature-control-app/src/App.js [0ms]
2024-05-16 19:26:09.118 [info] > git cat-file -s 37845757234ccb68531c10cf7a2ffc589c47e342 [1ms]
2024-05-16 19:26:11.963 [info] > git config --get commit.template [4ms]
2024-05-16 19:26:11.963 [info] > git for-each-ref --format=%(refname)%00%(upstream:short)%00%(objectname)%00%(upstream:track)%00%(upstream:remotename)%00%(upstream:remoteref) refs/heads/main refs/remotes/main [1ms]
2024-05-16 19:26:11.969 [info] > git status -z -uall [3ms]
2024-05-16 19:26:16.980 [info] > git config --get commit.template [4ms]
2024-05-16 19:26:16.981 [info] > git for-each-ref --format=%(refname)%00%(upstream:short)%00%(objectname)%00%(upstream:track)%00%(upstream:remotename)%00%(upstream:remoteref) refs/heads/main refs/remotes/main [1ms]
2024-05-16 19:26:16.990 [info] > git status -z -uall [2ms]
2024-05-16 19:26:22.002 [info] > git config --get commit.template [4ms]
2024-05-16 19:26:22.002 [info] > git for-each-ref --format=%(refname)%00%(upstream:short)%00%(objectname)%00%(upstream:track)%00%(upstream:remotename)%00%(upstream:remoteref) refs/heads/main refs/remotes/main [1ms]
2024-05-16 19:26:22.008 [info] > git status -z -uall [3ms]
2024-05-16 19:26:27.019 [info] > git config --get commit.template [4ms]
2024-05-16 19:26:27.019 [info] > git for-each-ref --format=%(refname)%00%(upstream:short)%00%(objectname)%00%(upstream:track)%00%(upstream:remotename)%00%(upstream:remoteref) refs/heads/main refs/remotes/main [1ms]
2024-05-16 19:26:27.025 [info] > git status -z -uall [2ms]
2024-05-16 19:26:32.037 [info] > git config --get commit.template [4ms]
2024-05-16 19:26:32.038 [info] > git for-each-ref --format=%(refname)%00%(upstream:short)%00%(objectname)%00%(upstream:track)%00%(upstream:remotename)%00%(upstream:remoteref) refs/heads/main refs/remotes/main [1ms]
2024-05-16 19:26:32.043 [info] > git status -z -uall [2ms]
2024-05-16 19:26:37.058 [info] > git config --get commit.template [4ms]
2024-05-16 19:26:37.058 [info] > git for-each-ref --format=%(refname)%00%(upstream:short)%00%(objectname)%00%(upstream:track)%00%(upstream:remotename)%00%(upstream:remoteref) refs/heads/main refs/remotes/main [1ms]
2024-05-16 19:26:37.064 [info] > git status -z -uall [2ms]
2024-05-16 19:26:42.078 [info] > git config --get commit.template [6ms]
2024-05-16 19:26:42.078 [info] > git for-each-ref --format=%(refname)%00%(upstream:short)%00%(objectname)%00%(upstream:track)%00%(upstream:remotename)%00%(upstream:remoteref) refs/heads/main refs/remotes/main [1ms]
2024-05-16 19:26:42.083 [info] > git status -z -uall [2ms]
2024-05-16 19:26:47.096 [info] > git config --get commit.template [4ms]
2024-05-16 19:26:47.097 [info] > git for-each-ref --format=%(refname)%00%(upstream:short)%00%(objectname)%00%(upstream:track)%00%(upstream:remotename)%00%(upstream:remoteref) refs/heads/main refs/remotes/main [1ms]
2024-05-16 19:26:47.103 [info] > git status -z -uall [2ms]
2024-05-16 19:27:01.904 [info] > git config --get commit.template [9ms]
2024-05-16 19:27:01.904 [info] > git for-each-ref --format=%(refname)%00%(upstream:short)%00%(objectname)%00%(upstream:track)%00%(upstream:remotename)%00%(upstream:remoteref) refs/heads/main refs/remotes/main [2ms]
2024-05-16 19:27:01.923 [info] > git status -z -uall [4ms]
2024-05-16 19:27:06.935 [info] > git config --get commit.template [3ms]
2024-05-16 19:27:06.936 [info] > git for-each-ref --format=%(refname)%00%(upstream:short)%00%(objectname)%00%(upstream:track)%00%(upstream:remotename)%00%(upstream:remoteref) refs/heads/main refs/remotes/main [1ms]
2024-05-16 19:27:06.941 [info] > git status -z -uall [2ms]
2024-05-16 19:27:11.954 [info] > git config --get commit.template [4ms]
2024-05-16 19:27:11.954 [info] > git for-each-ref --format=%(refname)%00%(upstream:short)%00%(objectname)%00%(upstream:track)%00%(upstream:remotename)%00%(upstream:remoteref) refs/heads/main refs/remotes/main [0ms]
2024-05-16 19:27:11.960 [info] > git status -z -uall [3ms]
2024-05-16 19:27:15.761 [info] > git config --local branch.main.github-pr-owner-number [1ms]
2024-05-16 19:27:15.761 [warning] git config failed: Failed to execute git
2024-05-16 19:27:16.973 [info] > git config --get commit.template [4ms]
2024-05-16 19:27:16.974 [info] > git for-each-ref --format=%(refname)%00%(upstream:short)%00%(objectname)%00%(upstream:track)%00%(upstream:remotename)%00%(upstream:remoteref) refs/heads/main refs/remotes/main [1ms]
2024-05-16 19:27:16.980 [info] > git status -z -uall [3ms]
2024-05-16 19:27:21.997 [info] > git config --get commit.template [6ms]
2024-05-16 19:27:21.998 [info] > git for-each-ref --format=%(refname)%00%(upstream:short)%00%(objectname)%00%(upstream:track)%00%(upstream:remotename)%00%(upstream:remoteref) refs/heads/main refs/remotes/main [1ms]
2024-05-16 19:27:22.007 [info] > git status -z -uall [3ms]
2024-05-16 19:27:27.562 [info] > git config --get commit.template [11ms]
2024-05-16 19:27:27.562 [info] > git for-each-ref --format=%(refname)%00%(upstream:short)%00%(objectname)%00%(upstream:track)%00%(upstream:remotename)%00%(upstream:remoteref) refs/heads/main refs/remotes/main [1ms]
2024-05-16 19:27:27.573 [info] > git status -z -uall [4ms]
2024-05-16 19:27:32.585 [info] > git config --get commit.template [4ms]
2024-05-16 19:27:32.586 [info] > git for-each-ref --format=%(refname)%00%(upstream:short)%00%(objectname)%00%(upstream:track)%00%(upstream:remotename)%00%(upstream:remoteref) refs/heads/main refs/remotes/main [1ms]
2024-05-16 19:27:32.592 [info] > git status -z -uall [3ms]
2024-05-16 19:27:37.604 [info] > git config --get commit.template [4ms]
2024-05-16 19:27:37.605 [info] > git for-each-ref --format=%(refname)%00%(upstream:short)%00%(objectname)%00%(upstream:track)%00%(upstream:remotename)%00%(upstream:remoteref) refs/heads/main refs/remotes/main [1ms]
2024-05-16 19:27:37.611 [info] > git status -z -uall [3ms]
2024-05-16 19:27:42.625 [info] > git config --get commit.template [4ms]
2024-05-16 19:27:42.625 [info] > git for-each-ref --format=%(refname)%00%(upstream:short)%00%(objectname)%00%(upstream:track)%00%(upstream:remotename)%00%(upstream:remoteref) refs/heads/main refs/remotes/main [1ms]
2024-05-16 19:27:42.631 [info] > git status -z -uall [2ms]
2024-05-16 19:27:47.647 [info] > git config --get commit.template [6ms]
2024-05-16 19:27:47.647 [info] > git for-each-ref --format=%(refname)%00%(upstream:short)%00%(objectname)%00%(upstream:track)%00%(upstream:remotename)%00%(upstream:remoteref) refs/heads/main refs/remotes/main [1ms]
2024-05-16 19:27:47.657 [info] > git status -z -uall [4ms]
2024-05-16 19:28:12.509 [info] > git config --get commit.template [5ms]
2024-05-16 19:28:12.510 [info] > git for-each-ref --format=%(refname)%00%(upstream:short)%00%(objectname)%00%(upstream:track)%00%(upstream:remotename)%00%(upstream:remoteref) refs/heads/main refs/remotes/main [2ms]
2024-05-16 19:28:12.518 [info] > git status -z -uall [2ms]
2024-05-16 19:28:17.548 [info] > git config --get commit.template [4ms]
2024-05-16 19:28:17.550 [info] > git for-each-ref --format=%(refname)%00%(upstream:short)%00%(objectname)%00%(upstream:track)%00%(upstream:remotename)%00%(upstream:remoteref) refs/heads/main refs/remotes/main [2ms]
2024-05-16 19:28:17.566 [info] > git status -z -uall [13ms]
2024-05-16 19:28:22.581 [info] > git config --get commit.template [4ms]
2024-05-16 19:28:22.582 [info] > git for-each-ref --format=%(refname)%00%(upstream:short)%00%(objectname)%00%(upstream:track)%00%(upstream:remotename)%00%(upstream:remoteref) refs/heads/main refs/remotes/main [1ms]
2024-05-16 19:28:22.588 [info] > git status -z -uall [2ms]
2024-05-16 19:28:27.599 [info] > git config --get commit.template [3ms]
2024-05-16 19:28:27.600 [info] > git for-each-ref --format=%(refname)%00%(upstream:short)%00%(objectname)%00%(upstream:track)%00%(upstream:remotename)%00%(upstream:remoteref) refs/heads/main refs/remotes/main [1ms]
2024-05-16 19:28:27.605 [info] > git status -z -uall [2ms]
2024-05-16 19:28:38.798 [info] > git config --get commit.template [14ms]
2024-05-16 19:28:38.799 [info] > git for-each-ref --format=%(refname)%00%(upstream:short)%00%(objectname)%00%(upstream:track)%00%(upstream:remotename)%00%(upstream:remoteref) refs/heads/main refs/remotes/main [2ms]
2024-05-16 19:28:38.811 [info] > git status -z -uall [4ms]
2024-05-16 19:28:43.827 [info] > git config --get commit.template [5ms]
2024-05-16 19:28:43.828 [info] > git for-each-ref --format=%(refname)%00%(upstream:short)%00%(objectname)%00%(upstream:track)%00%(upstream:remotename)%00%(upstream:remoteref) refs/heads/main refs/remotes/main [1ms]
2024-05-16 19:28:43.841 [info] > git status -z -uall [4ms]
2024-05-16 19:28:48.855 [info] > git config --get commit.template [5ms]
2024-05-16 19:28:48.860 [info] > git for-each-ref --format=%(refname)%00%(upstream:short)%00%(objectname)%00%(upstream:track)%00%(upstream:remotename)%00%(upstream:remoteref) refs/heads/main refs/remotes/main [5ms]
2024-05-16 19:28:48.867 [info] > git status -z -uall [2ms]
2024-05-16 19:28:57.717 [info] > git config --get commit.template [10ms]
2024-05-16 19:28:57.718 [info] > git for-each-ref --format=%(refname)%00%(upstream:short)%00%(objectname)%00%(upstream:track)%00%(upstream:remotename)%00%(upstream:remoteref) refs/heads/main refs/remotes/main [2ms]
2024-05-16 19:28:57.728 [info] > git status -z -uall [4ms]
2024-05-16 19:29:02.748 [info] > git config --get commit.template [6ms]
2024-05-16 19:29:02.749 [info] > git for-each-ref --format=%(refname)%00%(upstream:short)%00%(objectname)%00%(upstream:track)%00%(upstream:remotename)%00%(upstream:remoteref) refs/heads/main refs/remotes/main [2ms]
2024-05-16 19:29:02.758 [info] > git status -z -uall [3ms]
2024-05-16 19:29:14.549 [info] > git config --get commit.template [10ms]
2024-05-16 19:29:14.553 [info] > git for-each-ref --format=%(refname)%00%(upstream:short)%00%(objectname)%00%(upstream:track)%00%(upstream:remotename)%00%(upstream:remoteref) refs/heads/main refs/remotes/main [5ms]
2024-05-16 19:29:14.567 [info] > git status -z -uall [3ms]
2024-05-16 19:29:24.790 [info] > git config --get commit.template [14ms]
2024-05-16 19:29:24.793 [info] > git for-each-ref --format=%(refname)%00%(upstream:short)%00%(objectname)%00%(upstream:track)%00%(upstream:remotename)%00%(upstream:remoteref) refs/heads/main refs/remotes/main [5ms]
2024-05-16 19:29:24.804 [info] > git status -z -uall [4ms]
2024-05-16 19:29:29.819 [info] > git config --get commit.template [3ms]
2024-05-16 19:29:29.820 [info] > git for-each-ref --format=%(refname)%00%(upstream:short)%00%(objectname)%00%(upstream:track)%00%(upstream:remotename)%00%(upstream:remoteref) refs/heads/main refs/remotes/main [1ms]
2024-05-16 19:29:29.825 [info] > git status -z -uall [3ms]
2024-05-16 19:29:34.835 [info] > git config --get commit.template [3ms]
2024-05-16 19:29:34.836 [info] > git for-each-ref --format=%(refname)%00%(upstream:short)%00%(objectname)%00%(upstream:track)%00%(upstream:remotename)%00%(upstream:remoteref) refs/heads/main refs/remotes/main [1ms]
2024-05-16 19:29:34.842 [info] > git status -z -uall [3ms]
2024-05-16 19:29:39.854 [info] > git config --get commit.template [5ms]
2024-05-16 19:29:39.855 [info] > git for-each-ref --format=%(refname)%00%(upstream:short)%00%(objectname)%00%(upstream:track)%00%(upstream:remotename)%00%(upstream:remoteref) refs/heads/main refs/remotes/main [1ms]
2024-05-16 19:29:39.861 [info] > git status -z -uall [2ms]
2024-05-16 19:29:44.871 [info] > git config --get commit.template [3ms]
2024-05-16 19:29:44.872 [info] > git for-each-ref --format=%(refname)%00%(upstream:short)%00%(objectname)%00%(upstream:track)%00%(upstream:remotename)%00%(upstream:remoteref) refs/heads/main refs/remotes/main [1ms]
2024-05-16 19:29:44.877 [info] > git status -z -uall [2ms]
2024-05-16 19:29:49.888 [info] > git config --get commit.template [4ms]
2024-05-16 19:29:49.888 [info] > git for-each-ref --format=%(refname)%00%(upstream:short)%00%(objectname)%00%(upstream:track)%00%(upstream:remotename)%00%(upstream:remoteref) refs/heads/main refs/remotes/main [0ms]
2024-05-16 19:29:49.894 [info] > git status -z -uall [2ms]
2024-05-16 19:29:54.909 [info] > git for-each-ref --format=%(refname)%00%(upstream:short)%00%(objectname)%00%(upstream:track)%00%(upstream:remotename)%00%(upstream:remoteref) refs/heads/main refs/remotes/main [1ms]
2024-05-16 19:29:54.909 [info] > git config --get commit.template [8ms]
2024-05-16 19:29:54.915 [info] > git status -z -uall [2ms]
2024-05-16 19:29:59.926 [info] > git config --get commit.template [4ms]
2024-05-16 19:29:59.927 [info] > git for-each-ref --format=%(refname)%00%(upstream:short)%00%(objectname)%00%(upstream:track)%00%(upstream:remotename)%00%(upstream:remoteref) refs/heads/main refs/remotes/main [1ms]
2024-05-16 19:29:59.933 [info] > git status -z -uall [2ms]
2024-05-16 19:32:15.766 [info] > git config --local branch.main.github-pr-owner-number [1ms]
2024-05-16 19:32:15.766 [warning] git config failed: Failed to execute git
2024-05-16 19:37:15.771 [info] > git config --local branch.main.github-pr-owner-number [1ms]
2024-05-16 19:37:15.771 [warning] git config failed: Failed to execute git
2024-05-16 19:42:15.777 [info] > git config --local branch.main.github-pr-owner-number [1ms]
2024-05-16 19:42:15.777 [warning] git config failed: Failed to execute git
2024-05-16 19:42:49.624 [info] > git config --get commit.template [14ms]
2024-05-16 19:42:49.624 [info] > git for-each-ref --format=%(refname)%00%(upstream:short)%00%(objectname)%00%(upstream:track)%00%(upstream:remotename)%00%(upstream:remoteref) refs/heads/main refs/remotes/main [3ms]
2024-05-16 19:42:49.633 [info] > git status -z -uall [2ms]
2024-05-16 19:42:54.645 [info] > git config --get commit.template [4ms]
2024-05-16 19:42:54.646 [info] > git for-each-ref --format=%(refname)%00%(upstream:short)%00%(objectname)%00%(upstream:track)%00%(upstream:remotename)%00%(upstream:remoteref) refs/heads/main refs/remotes/main [1ms]
2024-05-16 19:42:54.652 [info] > git status -z -uall [3ms]
2024-05-16 19:42:59.664 [info] > git config --get commit.template [4ms]
2024-05-16 19:42:59.665 [info] > git for-each-ref --format=%(refname)%00%(upstream:short)%00%(objectname)%00%(upstream:track)%00%(upstream:remotename)%00%(upstream:remoteref) refs/heads/main refs/remotes/main [1ms]
2024-05-16 19:42:59.672 [info] > git status -z -uall [3ms]
2024-05-16 19:43:04.682 [info] > git config --get commit.template [3ms]
2024-05-16 19:43:04.683 [info] > git for-each-ref --format=%(refname)%00%(upstream:short)%00%(objectname)%00%(upstream:track)%00%(upstream:remotename)%00%(upstream:remoteref) refs/heads/main refs/remotes/main [1ms]
2024-05-16 19:43:04.688 [info] > git status -z -uall [2ms]
2024-05-16 19:43:09.701 [info] > git config --get commit.template [4ms]
2024-05-16 19:43:09.702 [info] > git for-each-ref --format=%(refname)%00%(upstream:short)%00%(objectname)%00%(upstream:track)%00%(upstream:remotename)%00%(upstream:remoteref) refs/heads/main refs/remotes/main [1ms]
2024-05-16 19:43:09.708 [info] > git status -z -uall [2ms]
2024-05-16 19:43:14.720 [info] > git config --get commit.template [5ms]
2024-05-16 19:43:14.721 [info] > git for-each-ref --format=%(refname)%00%(upstream:short)%00%(objectname)%00%(upstream:track)%00%(upstream:remotename)%00%(upstream:remoteref) refs/heads/main refs/remotes/main [2ms]
2024-05-16 19:43:14.727 [info] > git status -z -uall [3ms]
2024-05-16 19:43:19.741 [info] > git config --get commit.template [4ms]
2024-05-16 19:43:19.742 [info] > git for-each-ref --format=%(refname)%00%(upstream:short)%00%(objectname)%00%(upstream:track)%00%(upstream:remotename)%00%(upstream:remoteref) refs/heads/main refs/remotes/main [1ms]
2024-05-16 19:43:19.749 [info] > git status -z -uall [3ms]
2024-05-16 19:43:24.760 [info] > git config --get commit.template [5ms]
2024-05-16 19:43:24.760 [info] > git for-each-ref --format=%(refname)%00%(upstream:short)%00%(objectname)%00%(upstream:track)%00%(upstream:remotename)%00%(upstream:remoteref) refs/heads/main refs/remotes/main [1ms]
2024-05-16 19:43:24.766 [info] > git status -z -uall [2ms]
2024-05-16 19:43:29.779 [info] > git config --get commit.template [4ms]
2024-05-16 19:43:29.779 [info] > git for-each-ref --format=%(refname)%00%(upstream:short)%00%(objectname)%00%(upstream:track)%00%(upstream:remotename)%00%(upstream:remoteref) refs/heads/main refs/remotes/main [1ms]
2024-05-16 19:43:29.785 [info] > git status -z -uall [3ms]
2024-05-16 19:43:34.797 [info] > git config --get commit.template [4ms]
2024-05-16 19:43:34.798 [info] > git for-each-ref --format=%(refname)%00%(upstream:short)%00%(objectname)%00%(upstream:track)%00%(upstream:remotename)%00%(upstream:remoteref) refs/heads/main refs/remotes/main [1ms]
2024-05-16 19:43:34.804 [info] > git status -z -uall [3ms]
2024-05-16 19:43:39.815 [info] > git config --get commit.template [4ms]
2024-05-16 19:43:39.816 [info] > git for-each-ref --format=%(refname)%00%(upstream:short)%00%(objectname)%00%(upstream:track)%00%(upstream:remotename)%00%(upstream:remoteref) refs/heads/main refs/remotes/main [1ms]
2024-05-16 19:43:39.821 [info] > git status -z -uall [2ms]
2024-05-16 19:43:49.477 [info] > git config --get commit.template [12ms]
2024-05-16 19:43:49.482 [info] > git for-each-ref --format=%(refname)%00%(upstream:short)%00%(objectname)%00%(upstream:track)%00%(upstream:remotename)%00%(upstream:remoteref) refs/heads/main refs/remotes/main [6ms]
2024-05-16 19:43:49.496 [info] > git status -z -uall [4ms]
2024-05-16 19:43:54.509 [info] > git config --get commit.template [4ms]
2024-05-16 19:43:54.510 [info] > git for-each-ref --format=%(refname)%00%(upstream:short)%00%(objectname)%00%(upstream:track)%00%(upstream:remotename)%00%(upstream:remoteref) refs/heads/main refs/remotes/main [1ms]
2024-05-16 19:43:54.515 [info] > git status -z -uall [2ms]
2024-05-16 19:43:59.528 [info] > git config --get commit.template [4ms]
2024-05-16 19:43:59.529 [info] > git for-each-ref --format=%(refname)%00%(upstream:short)%00%(objectname)%00%(upstream:track)%00%(upstream:remotename)%00%(upstream:remoteref) refs/heads/main refs/remotes/main [1ms]
2024-05-16 19:43:59.534 [info] > git status -z -uall [2ms]
2024-05-16 19:44:04.545 [info] > git config --get commit.template [4ms]
2024-05-16 19:44:04.546 [info] > git for-each-ref --format=%(refname)%00%(upstream:short)%00%(objectname)%00%(upstream:track)%00%(upstream:remotename)%00%(upstream:remoteref) refs/heads/main refs/remotes/main [1ms]
2024-05-16 19:44:04.551 [info] > git status -z -uall [2ms]
2024-05-16 19:44:09.563 [info] > git config --get commit.template [4ms]
2024-05-16 19:44:09.564 [info] > git for-each-ref --format=%(refname)%00%(upstream:short)%00%(objectname)%00%(upstream:track)%00%(upstream:remotename)%00%(upstream:remoteref) refs/heads/main refs/remotes/main [1ms]
2024-05-16 19:44:09.569 [info] > git status -z -uall [2ms]
2024-05-16 19:44:14.580 [info] > git config --get commit.template [4ms]
2024-05-16 19:44:14.581 [info] > git for-each-ref --format=%(refname)%00%(upstream:short)%00%(objectname)%00%(upstream:track)%00%(upstream:remotename)%00%(upstream:remoteref) refs/heads/main refs/remotes/main [1ms]
2024-05-16 19:44:14.586 [info] > git status -z -uall [2ms]
2024-05-16 19:44:19.598 [info] > git config --get commit.template [3ms]
2024-05-16 19:44:19.599 [info] > git for-each-ref --format=%(refname)%00%(upstream:short)%00%(objectname)%00%(upstream:track)%00%(upstream:remotename)%00%(upstream:remoteref) refs/heads/main refs/remotes/main [1ms]
2024-05-16 19:44:19.606 [info] > git status -z -uall [3ms]
2024-05-16 19:44:27.292 [info] > git config --get commit.template [16ms]
2024-05-16 19:44:27.293 [info] > git for-each-ref --format=%(refname)%00%(upstream:short)%00%(objectname)%00%(upstream:track)%00%(upstream:remotename)%00%(upstream:remoteref) refs/heads/main refs/remotes/main [2ms]
2024-05-16 19:44:27.300 [info] > git status -z -uall [3ms]
2024-05-16 19:44:32.313 [info] > git config --get commit.template [4ms]
2024-05-16 19:44:32.314 [info] > git for-each-ref --format=%(refname)%00%(upstream:short)%00%(objectname)%00%(upstream:track)%00%(upstream:remotename)%00%(upstream:remoteref) refs/heads/main refs/remotes/main [1ms]
2024-05-16 19:44:32.320 [info] > git status -z -uall [2ms]
2024-05-16 19:44:37.334 [info] > git config --get commit.template [5ms]
2024-05-16 19:44:37.335 [info] > git for-each-ref --format=%(refname)%00%(upstream:short)%00%(objectname)%00%(upstream:track)%00%(upstream:remotename)%00%(upstream:remoteref) refs/heads/main refs/remotes/main [1ms]
2024-05-16 19:44:37.340 [info] > git status -z -uall [2ms]
2024-05-16 19:44:42.353 [info] > git config --get commit.template [4ms]
2024-05-16 19:44:42.355 [info] > git for-each-ref --format=%(refname)%00%(upstream:short)%00%(objectname)%00%(upstream:track)%00%(upstream:remotename)%00%(upstream:remoteref) refs/heads/main refs/remotes/main [2ms]
2024-05-16 19:44:42.361 [info] > git status -z -uall [2ms]
2024-05-16 19:44:47.375 [info] > git config --get commit.template [4ms]
2024-05-16 19:44:47.376 [info] > git for-each-ref --format=%(refname)%00%(upstream:short)%00%(objectname)%00%(upstream:track)%00%(upstream:remotename)%00%(upstream:remoteref) refs/heads/main refs/remotes/main [2ms]
2024-05-16 19:44:47.382 [info] > git status -z -uall [3ms]
2024-05-16 19:44:52.393 [info] > git config --get commit.template [4ms]
2024-05-16 19:44:52.394 [info] > git for-each-ref --format=%(refname)%00%(upstream:short)%00%(objectname)%00%(upstream:track)%00%(upstream:remotename)%00%(upstream:remoteref) refs/heads/main refs/remotes/main [1ms]
2024-05-16 19:44:52.400 [info] > git status -z -uall [2ms]
2024-05-16 19:44:57.413 [info] > git config --get commit.template [5ms]
2024-05-16 19:44:57.414 [info] > git for-each-ref --format=%(refname)%00%(upstream:short)%00%(objectname)%00%(upstream:track)%00%(upstream:remotename)%00%(upstream:remoteref) refs/heads/main refs/remotes/main [1ms]
2024-05-16 19:44:57.420 [info] > git status -z -uall [2ms]
2024-05-16 19:45:02.431 [info] > git config --get commit.template [4ms]
2024-05-16 19:45:02.432 [info] > git for-each-ref --format=%(refname)%00%(upstream:short)%00%(objectname)%00%(upstream:track)%00%(upstream:remotename)%00%(upstream:remoteref) refs/heads/main refs/remotes/main [1ms]
2024-05-16 19:45:02.438 [info] > git status -z -uall [2ms]
2024-05-16 19:45:07.451 [info] > git config --get commit.template [4ms]
2024-05-16 19:45:07.452 [info] > git for-each-ref --format=%(refname)%00%(upstream:short)%00%(objectname)%00%(upstream:track)%00%(upstream:remotename)%00%(upstream:remoteref) refs/heads/main refs/remotes/main [1ms]
2024-05-16 19:45:07.457 [info] > git status -z -uall [2ms]
2024-05-16 19:45:12.469 [info] > git config --get commit.template [4ms]
2024-05-16 19:45:12.470 [info] > git for-each-ref --format=%(refname)%00%(upstream:short)%00%(objectname)%00%(upstream:track)%00%(upstream:remotename)%00%(upstream:remoteref) refs/heads/main refs/remotes/main [1ms]
2024-05-16 19:45:12.475 [info] > git status -z -uall [2ms]
2024-05-16 19:45:18.351 [info] > git config --get commit.template [11ms]
2024-05-16 19:45:18.351 [info] > git for-each-ref --format=%(refname)%00%(upstream:short)%00%(objectname)%00%(upstream:track)%00%(upstream:remotename)%00%(upstream:remoteref) refs/heads/main refs/remotes/main [1ms]
2024-05-16 19:45:18.358 [info] > git status -z -uall [3ms]
2024-05-16 19:45:23.373 [info] > git config --get commit.template [4ms]
2024-05-16 19:45:23.373 [info] > git for-each-ref --format=%(refname)%00%(upstream:short)%00%(objectname)%00%(upstream:track)%00%(upstream:remotename)%00%(upstream:remoteref) refs/heads/main refs/remotes/main [1ms]
2024-05-16 19:45:23.379 [info] > git status -z -uall [2ms]
2024-05-16 19:45:28.393 [info] > git config --get commit.template [4ms]
2024-05-16 19:45:28.393 [info] > git for-each-ref --format=%(refname)%00%(upstream:short)%00%(objectname)%00%(upstream:track)%00%(upstream:remotename)%00%(upstream:remoteref) refs/heads/main refs/remotes/main [1ms]
2024-05-16 19:45:28.399 [info] > git status -z -uall [2ms]
2024-05-16 19:45:33.411 [info] > git config --get commit.template [4ms]
2024-05-16 19:45:33.412 [info] > git for-each-ref --format=%(refname)%00%(upstream:short)%00%(objectname)%00%(upstream:track)%00%(upstream:remotename)%00%(upstream:remoteref) refs/heads/main refs/remotes/main [1ms]
2024-05-16 19:45:33.417 [info] > git status -z -uall [2ms]
2024-05-16 19:45:38.429 [info] > git config --get commit.template [4ms]
2024-05-16 19:45:38.429 [info] > git for-each-ref --format=%(refname)%00%(upstream:short)%00%(objectname)%00%(upstream:track)%00%(upstream:remotename)%00%(upstream:remoteref) refs/heads/main refs/remotes/main [1ms]
2024-05-16 19:45:38.435 [info] > git status -z -uall [2ms]
2024-05-16 19:45:43.447 [info] > git config --get commit.template [4ms]
2024-05-16 19:45:43.448 [info] > git for-each-ref --format=%(refname)%00%(upstream:short)%00%(objectname)%00%(upstream:track)%00%(upstream:remotename)%00%(upstream:remoteref) refs/heads/main refs/remotes/main [1ms]
2024-05-16 19:45:43.455 [info] > git status -z -uall [3ms]
2024-05-16 19:45:48.470 [info] > git config --get commit.template [5ms]
2024-05-16 19:45:48.470 [info] > git for-each-ref --format=%(refname)%00%(upstream:short)%00%(objectname)%00%(upstream:track)%00%(upstream:remotename)%00%(upstream:remoteref) refs/heads/main refs/remotes/main [1ms]
2024-05-16 19:45:48.477 [info] > git status -z -uall [2ms]
2024-05-16 19:45:53.491 [info] > git config --get commit.template [5ms]
2024-05-16 19:45:53.492 [info] > git for-each-ref --format=%(refname)%00%(upstream:short)%00%(objectname)%00%(upstream:track)%00%(upstream:remotename)%00%(upstream:remoteref) refs/heads/main refs/remotes/main [2ms]
2024-05-16 19:45:53.499 [info] > git status -z -uall [2ms]
2024-05-16 19:45:58.513 [info] > git config --get commit.template [5ms]
2024-05-16 19:45:58.513 [info] > git for-each-ref --format=%(refname)%00%(upstream:short)%00%(objectname)%00%(upstream:track)%00%(upstream:remotename)%00%(upstream:remoteref) refs/heads/main refs/remotes/main [1ms]
2024-05-16 19:45:58.521 [info] > git status -z -uall [2ms]
2024-05-16 19:46:03.539 [info] > git config --get commit.template [9ms]
2024-05-16 19:46:03.542 [info] > git for-each-ref --format=%(refname)%00%(upstream:short)%00%(objectname)%00%(upstream:track)%00%(upstream:remotename)%00%(upstream:remoteref) refs/heads/main refs/remotes/main [4ms]
2024-05-16 19:46:03.554 [info] > git status -z -uall [1ms]
2024-05-16 19:46:08.568 [info] > git config --get commit.template [4ms]
2024-05-16 19:46:08.568 [info] > git for-each-ref --format=%(refname)%00%(upstream:short)%00%(objectname)%00%(upstream:track)%00%(upstream:remotename)%00%(upstream:remoteref) refs/heads/main refs/remotes/main [1ms]
2024-05-16 19:46:08.574 [info] > git status -z -uall [2ms]
2024-05-16 19:46:13.586 [info] > git config --get commit.template [4ms]
2024-05-16 19:46:13.587 [info] > git for-each-ref --format=%(refname)%00%(upstream:short)%00%(objectname)%00%(upstream:track)%00%(upstream:remotename)%00%(upstream:remoteref) refs/heads/main refs/remotes/main [1ms]
2024-05-16 19:46:13.595 [info] > git status -z -uall [3ms]
2024-05-16 19:46:18.609 [info] > git config --get commit.template [4ms]
2024-05-16 19:46:18.609 [info] > git for-each-ref --format=%(refname)%00%(upstream:short)%00%(objectname)%00%(upstream:track)%00%(upstream:remotename)%00%(upstream:remoteref) refs/heads/main refs/remotes/main [1ms]
2024-05-16 19:46:18.615 [info] > git status -z -uall [2ms]
2024-05-16 19:46:23.627 [info] > git config --get commit.template [5ms]
2024-05-16 19:46:23.627 [info] > git for-each-ref --format=%(refname)%00%(upstream:short)%00%(objectname)%00%(upstream:track)%00%(upstream:remotename)%00%(upstream:remoteref) refs/heads/main refs/remotes/main [1ms]
2024-05-16 19:46:23.633 [info] > git status -z -uall [2ms]
2024-05-16 19:46:28.644 [info] > git config --get commit.template [3ms]
2024-05-16 19:46:28.644 [info] > git for-each-ref --format=%(refname)%00%(upstream:short)%00%(objectname)%00%(upstream:track)%00%(upstream:remotename)%00%(upstream:remoteref) refs/heads/main refs/remotes/main [1ms]
2024-05-16 19:46:28.650 [info] > git status -z -uall [2ms]
2024-05-16 19:46:33.669 [info] > git config --get commit.template [5ms]
2024-05-16 19:46:33.670 [info] > git for-each-ref --format=%(refname)%00%(upstream:short)%00%(objectname)%00%(upstream:track)%00%(upstream:remotename)%00%(upstream:remoteref) refs/heads/main refs/remotes/main [1ms]
2024-05-16 19:46:33.684 [info] > git status -z -uall [3ms]
2024-05-16 19:46:38.696 [info] > git config --get commit.template [4ms]
2024-05-16 19:46:38.697 [info] > git for-each-ref --format=%(refname)%00%(upstream:short)%00%(objectname)%00%(upstream:track)%00%(upstream:remotename)%00%(upstream:remoteref) refs/heads/main refs/remotes/main [1ms]
2024-05-16 19:46:38.703 [info] > git status -z -uall [2ms]
2024-05-16 19:46:43.716 [info] > git config --get commit.template [4ms]
2024-05-16 19:46:43.716 [info] > git for-each-ref --format=%(refname)%00%(upstream:short)%00%(objectname)%00%(upstream:track)%00%(upstream:remotename)%00%(upstream:remoteref) refs/heads/main refs/remotes/main [1ms]
2024-05-16 19:46:43.723 [info] > git status -z -uall [2ms]
2024-05-16 19:46:48.737 [info] > git config --get commit.template [3ms]
2024-05-16 19:46:48.737 [info] > git for-each-ref --format=%(refname)%00%(upstream:short)%00%(objectname)%00%(upstream:track)%00%(upstream:remotename)%00%(upstream:remoteref) refs/heads/main refs/remotes/main [1ms]
2024-05-16 19:46:48.744 [info] > git status -z -uall [3ms]
2024-05-16 19:46:53.757 [info] > git config --get commit.template [4ms]
2024-05-16 19:46:53.758 [info] > git for-each-ref --format=%(refname)%00%(upstream:short)%00%(objectname)%00%(upstream:track)%00%(upstream:remotename)%00%(upstream:remoteref) refs/heads/main refs/remotes/main [1ms]
2024-05-16 19:46:53.764 [info] > git status -z -uall [2ms]
2024-05-16 19:46:58.776 [info] > git config --get commit.template [3ms]
2024-05-16 19:46:58.776 [info] > git for-each-ref --format=%(refname)%00%(upstream:short)%00%(objectname)%00%(upstream:track)%00%(upstream:remotename)%00%(upstream:remoteref) refs/heads/main refs/remotes/main [1ms]
2024-05-16 19:46:58.782 [info] > git status -z -uall [3ms]
2024-05-16 19:47:03.794 [info] > git config --get commit.template [4ms]
2024-05-16 19:47:03.794 [info] > git for-each-ref --format=%(refname)%00%(upstream:short)%00%(objectname)%00%(upstream:track)%00%(upstream:remotename)%00%(upstream:remoteref) refs/heads/main refs/remotes/main [1ms]
2024-05-16 19:47:03.800 [info] > git status -z -uall [2ms]
2024-05-16 19:47:08.812 [info] > git config --get commit.template [4ms]
2024-05-16 19:47:08.813 [info] > git for-each-ref --format=%(refname)%00%(upstream:short)%00%(objectname)%00%(upstream:track)%00%(upstream:remotename)%00%(upstream:remoteref) refs/heads/main refs/remotes/main [1ms]
2024-05-16 19:47:08.818 [info] > git status -z -uall [2ms]
2024-05-16 19:47:13.830 [info] > git config --get commit.template [4ms]
2024-05-16 19:47:13.831 [info] > git for-each-ref --format=%(refname)%00%(upstream:short)%00%(objectname)%00%(upstream:track)%00%(upstream:remotename)%00%(upstream:remoteref) refs/heads/main refs/remotes/main [1ms]
2024-05-16 19:47:13.836 [info] > git status -z -uall [2ms]
2024-05-16 19:47:15.782 [info] > git config --local branch.main.github-pr-owner-number [0ms]
2024-05-16 19:47:15.783 [warning] git config failed: Failed to execute git
2024-05-16 19:47:18.848 [info] > git config --get commit.template [4ms]
2024-05-16 19:47:18.849 [info] > git for-each-ref --format=%(refname)%00%(upstream:short)%00%(objectname)%00%(upstream:track)%00%(upstream:remotename)%00%(upstream:remoteref) refs/heads/main refs/remotes/main [1ms]
2024-05-16 19:47:18.855 [info] > git status -z -uall [2ms]
2024-05-16 19:47:23.867 [info] > git config --get commit.template [4ms]
2024-05-16 19:47:23.867 [info] > git for-each-ref --format=%(refname)%00%(upstream:short)%00%(objectname)%00%(upstream:track)%00%(upstream:remotename)%00%(upstream:remoteref) refs/heads/main refs/remotes/main [1ms]
2024-05-16 19:47:23.873 [info] > git status -z -uall [2ms]
2024-05-16 19:47:28.884 [info] > git config --get commit.template [3ms]
2024-05-16 19:47:28.884 [info] > git for-each-ref --format=%(refname)%00%(upstream:short)%00%(objectname)%00%(upstream:track)%00%(upstream:remotename)%00%(upstream:remoteref) refs/heads/main refs/remotes/main [1ms]
2024-05-16 19:47:28.890 [info] > git status -z -uall [3ms]
2024-05-16 19:47:35.172 [info] > git config --get commit.template [12ms]
2024-05-16 19:47:35.174 [info] > git for-each-ref --format=%(refname)%00%(upstream:short)%00%(objectname)%00%(upstream:track)%00%(upstream:remotename)%00%(upstream:remoteref) refs/heads/main refs/remotes/main [4ms]
2024-05-16 19:47:35.182 [info] > git status -z -uall [2ms]
2024-05-16 19:47:45.597 [info] > git config --get commit.template [14ms]
2024-05-16 19:47:45.598 [info] > git for-each-ref --format=%(refname)%00%(upstream:short)%00%(objectname)%00%(upstream:track)%00%(upstream:remotename)%00%(upstream:remoteref) refs/heads/main refs/remotes/main [2ms]
2024-05-16 19:47:45.610 [info] > git status -z -uall [5ms]
2024-05-16 19:47:50.624 [info] > git config --get commit.template [5ms]
2024-05-16 19:47:50.625 [info] > git for-each-ref --format=%(refname)%00%(upstream:short)%00%(objectname)%00%(upstream:track)%00%(upstream:remotename)%00%(upstream:remoteref) refs/heads/main refs/remotes/main [1ms]
2024-05-16 19:47:50.631 [info] > git status -z -uall [2ms]
2024-05-16 19:47:55.643 [info] > git config --get commit.template [4ms]
2024-05-16 19:47:55.644 [info] > git for-each-ref --format=%(refname)%00%(upstream:short)%00%(objectname)%00%(upstream:track)%00%(upstream:remotename)%00%(upstream:remoteref) refs/heads/main refs/remotes/main [1ms]
2024-05-16 19:47:55.650 [info] > git status -z -uall [3ms]
2024-05-16 19:48:00.662 [info] > git config --get commit.template [4ms]
2024-05-16 19:48:00.663 [info] > git for-each-ref --format=%(refname)%00%(upstream:short)%00%(objectname)%00%(upstream:track)%00%(upstream:remotename)%00%(upstream:remoteref) refs/heads/main refs/remotes/main [1ms]
2024-05-16 19:48:00.670 [info] > git status -z -uall [2ms]
2024-05-16 19:48:05.683 [info] > git config --get commit.template [4ms]
2024-05-16 19:48:05.684 [info] > git for-each-ref --format=%(refname)%00%(upstream:short)%00%(objectname)%00%(upstream:track)%00%(upstream:remotename)%00%(upstream:remoteref) refs/heads/main refs/remotes/main [1ms]
2024-05-16 19:48:05.690 [info] > git status -z -uall [2ms]
2024-05-16 19:48:10.707 [info] > git config --get commit.template [4ms]
2024-05-16 19:48:10.708 [info] > git for-each-ref --format=%(refname)%00%(upstream:short)%00%(objectname)%00%(upstream:track)%00%(upstream:remotename)%00%(upstream:remoteref) refs/heads/main refs/remotes/main [2ms]
2024-05-16 19:48:10.715 [info] > git status -z -uall [2ms]
2024-05-16 19:48:18.382 [info] > git config --get commit.template [5ms]
2024-05-16 19:48:18.383 [info] > git for-each-ref --format=%(refname)%00%(upstream:short)%00%(objectname)%00%(upstream:track)%00%(upstream:remotename)%00%(upstream:remoteref) refs/heads/main refs/remotes/main [1ms]
2024-05-16 19:48:18.402 [info] > git status -z -uall [7ms]
2024-05-16 19:48:23.419 [info] > git config --get commit.template [4ms]
2024-05-16 19:48:23.420 [info] > git for-each-ref --format=%(refname)%00%(upstream:short)%00%(objectname)%00%(upstream:track)%00%(upstream:remotename)%00%(upstream:remoteref) refs/heads/main refs/remotes/main [2ms]
2024-05-16 19:48:23.426 [info] > git status -z -uall [2ms]
2024-05-16 19:48:59.380 [info] > git config --get commit.template [14ms]
2024-05-16 19:48:59.381 [info] > git for-each-ref --format=%(refname)%00%(upstream:short)%00%(objectname)%00%(upstream:track)%00%(upstream:remotename)%00%(upstream:remoteref) refs/heads/main refs/remotes/main [2ms]
2024-05-16 19:48:59.398 [info] > git status -z -uall [6ms]
2024-05-16 19:49:08.413 [info] > git config --get commit.template [13ms]
2024-05-16 19:49:08.416 [info] > git for-each-ref --format=%(refname)%00%(upstream:short)%00%(objectname)%00%(upstream:track)%00%(upstream:remotename)%00%(upstream:remoteref) refs/heads/main refs/remotes/main [4ms]
2024-05-16 19:49:08.433 [info] > git status -z -uall [6ms]
2024-05-16 19:49:13.447 [info] > git config --get commit.template [4ms]
2024-05-16 19:49:13.447 [info] > git for-each-ref --format=%(refname)%00%(upstream:short)%00%(objectname)%00%(upstream:track)%00%(upstream:remotename)%00%(upstream:remoteref) refs/heads/main refs/remotes/main [1ms]
2024-05-16 19:49:13.453 [info] > git status -z -uall [2ms]
2024-05-16 19:49:18.467 [info] > git config --get commit.template [4ms]
2024-05-16 19:49:18.467 [info] > git for-each-ref --format=%(refname)%00%(upstream:short)%00%(objectname)%00%(upstream:track)%00%(upstream:remotename)%00%(upstream:remoteref) refs/heads/main refs/remotes/main [1ms]
2024-05-16 19:49:18.473 [info] > git status -z -uall [2ms]
2024-05-16 19:49:23.486 [info] > git config --get commit.template [4ms]
2024-05-16 19:49:23.487 [info] > git for-each-ref --format=%(refname)%00%(upstream:short)%00%(objectname)%00%(upstream:track)%00%(upstream:remotename)%00%(upstream:remoteref) refs/heads/main refs/remotes/main [1ms]
2024-05-16 19:49:23.494 [info] > git status -z -uall [4ms]
2024-05-16 19:49:28.506 [info] > git config --get commit.template [4ms]
2024-05-16 19:49:28.507 [info] > git for-each-ref --format=%(refname)%00%(upstream:short)%00%(objectname)%00%(upstream:track)%00%(upstream:remotename)%00%(upstream:remoteref) refs/heads/main refs/remotes/main [1ms]
2024-05-16 19:49:28.512 [info] > git status -z -uall [2ms]
2024-05-16 19:49:33.525 [info] > git config --get commit.template [4ms]
2024-05-16 19:49:33.526 [info] > git for-each-ref --format=%(refname)%00%(upstream:short)%00%(objectname)%00%(upstream:track)%00%(upstream:remotename)%00%(upstream:remoteref) refs/heads/main refs/remotes/main [1ms]
2024-05-16 19:49:33.532 [info] > git status -z -uall [3ms]
2024-05-16 19:49:38.543 [info] > git config --get commit.template [4ms]
2024-05-16 19:49:38.544 [info] > git for-each-ref --format=%(refname)%00%(upstream:short)%00%(objectname)%00%(upstream:track)%00%(upstream:remotename)%00%(upstream:remoteref) refs/heads/main refs/remotes/main [2ms]
2024-05-16 19:49:38.550 [info] > git status -z -uall [2ms]
2024-05-16 19:49:43.564 [info] > git config --get commit.template [5ms]
2024-05-16 19:49:43.565 [info] > git for-each-ref --format=%(refname)%00%(upstream:short)%00%(objectname)%00%(upstream:track)%00%(upstream:remotename)%00%(upstream:remoteref) refs/heads/main refs/remotes/main [1ms]
2024-05-16 19:49:43.571 [info] > git status -z -uall [2ms]
2024-05-16 19:49:48.581 [info] > git config --get commit.template [1ms]
2024-05-16 19:49:48.586 [info] > git for-each-ref --format=%(refname)%00%(upstream:short)%00%(objectname)%00%(upstream:track)%00%(upstream:remotename)%00%(upstream:remoteref) refs/heads/main refs/remotes/main [1ms]
2024-05-16 19:49:48.592 [info] > git status -z -uall [2ms]
2024-05-16 19:49:53.604 [info] > git config --get commit.template [4ms]
2024-05-16 19:49:53.605 [info] > git for-each-ref --format=%(refname)%00%(upstream:short)%00%(objectname)%00%(upstream:track)%00%(upstream:remotename)%00%(upstream:remoteref) refs/heads/main refs/remotes/main [1ms]
2024-05-16 19:49:53.610 [info] > git status -z -uall [2ms]
2024-05-16 19:50:00.156 [info] > git config --get commit.template [12ms]
2024-05-16 19:50:00.157 [info] > git for-each-ref --format=%(refname)%00%(upstream:short)%00%(objectname)%00%(upstream:track)%00%(upstream:remotename)%00%(upstream:remoteref) refs/heads/main refs/remotes/main [1ms]
2024-05-16 19:50:00.167 [info] > git status -z -uall [2ms]
2024-05-16 19:50:05.179 [info] > git config --get commit.template [3ms]
2024-05-16 19:50:05.180 [info] > git for-each-ref --format=%(refname)%00%(upstream:short)%00%(objectname)%00%(upstream:track)%00%(upstream:remotename)%00%(upstream:remoteref) refs/heads/main refs/remotes/main [1ms]
2024-05-16 19:50:05.186 [info] > git status -z -uall [3ms]
2024-05-16 19:50:10.202 [info] > git config --get commit.template [5ms]
2024-05-16 19:50:10.203 [info] > git for-each-ref --format=%(refname)%00%(upstream:short)%00%(objectname)%00%(upstream:track)%00%(upstream:remotename)%00%(upstream:remoteref) refs/heads/main refs/remotes/main [1ms]
2024-05-16 19:50:10.209 [info] > git status -z -uall [3ms]
2024-05-16 19:50:15.222 [info] > git config --get commit.template [5ms]
2024-05-16 19:50:15.222 [info] > git for-each-ref --format=%(refname)%00%(upstream:short)%00%(objectname)%00%(upstream:track)%00%(upstream:remotename)%00%(upstream:remoteref) refs/heads/main refs/remotes/main [1ms]
2024-05-16 19:50:15.232 [info] > git status -z -uall [2ms]
2024-05-16 19:50:20.248 [info] > git config --get commit.template [4ms]
2024-05-16 19:50:20.249 [info] > git for-each-ref --format=%(refname)%00%(upstream:short)%00%(objectname)%00%(upstream:track)%00%(upstream:remotename)%00%(upstream:remoteref) refs/heads/main refs/remotes/main [2ms]
2024-05-16 19:50:20.254 [info] > git status -z -uall [2ms]
2024-05-16 19:50:29.094 [info] > git config --get commit.template [2ms]
2024-05-16 19:50:29.110 [info] > git for-each-ref --format=%(refname)%00%(upstream:short)%00%(objectname)%00%(upstream:track)%00%(upstream:remotename)%00%(upstream:remoteref) refs/heads/main refs/remotes/main [3ms]
2024-05-16 19:50:29.121 [info] > git status -z -uall [3ms]
2024-05-16 19:50:34.134 [info] > git config --get commit.template [5ms]
2024-05-16 19:50:34.134 [info] > git for-each-ref --format=%(refname)%00%(upstream:short)%00%(objectname)%00%(upstream:track)%00%(upstream:remotename)%00%(upstream:remoteref) refs/heads/main refs/remotes/main [1ms]
2024-05-16 19:50:34.140 [info] > git status -z -uall [2ms]
2024-05-16 19:50:39.151 [info] > git config --get commit.template [4ms]
2024-05-16 19:50:39.151 [info] > git for-each-ref --format=%(refname)%00%(upstream:short)%00%(objectname)%00%(upstream:track)%00%(upstream:remotename)%00%(upstream:remoteref) refs/heads/main refs/remotes/main [1ms]
2024-05-16 19:50:39.157 [info] > git status -z -uall [2ms]
2024-05-16 19:50:44.168 [info] > git config --get commit.template [3ms]
2024-05-16 19:50:44.169 [info] > git for-each-ref --format=%(refname)%00%(upstream:short)%00%(objectname)%00%(upstream:track)%00%(upstream:remotename)%00%(upstream:remoteref) refs/heads/main refs/remotes/main [1ms]
2024-05-16 19:50:44.175 [info] > git status -z -uall [2ms]
2024-05-16 19:51:12.534 [info] > git config --get commit.template [10ms]
2024-05-16 19:51:12.536 [info] > git for-each-ref --format=%(refname)%00%(upstream:short)%00%(objectname)%00%(upstream:track)%00%(upstream:remotename)%00%(upstream:remoteref) refs/heads/main refs/remotes/main [3ms]
2024-05-16 19:51:12.552 [info] > git status -z -uall [3ms]
2024-05-16 19:51:17.564 [info] > git config --get commit.template [4ms]
2024-05-16 19:51:17.564 [info] > git for-each-ref --format=%(refname)%00%(upstream:short)%00%(objectname)%00%(upstream:track)%00%(upstream:remotename)%00%(upstream:remoteref) refs/heads/main refs/remotes/main [1ms]
2024-05-16 19:51:17.570 [info] > git status -z -uall [2ms]
2024-05-16 19:51:22.583 [info] > git config --get commit.template [4ms]
2024-05-16 19:51:22.584 [info] > git for-each-ref --format=%(refname)%00%(upstream:short)%00%(objectname)%00%(upstream:track)%00%(upstream:remotename)%00%(upstream:remoteref) refs/heads/main refs/remotes/main [1ms]
2024-05-16 19:51:22.591 [info] > git status -z -uall [2ms]
2024-05-16 19:51:46.180 [info] > git config --get commit.template [0ms]
2024-05-16 19:51:46.193 [info] > git for-each-ref --format=%(refname)%00%(upstream:short)%00%(objectname)%00%(upstream:track)%00%(upstream:remotename)%00%(upstream:remoteref) refs/heads/main refs/remotes/main [2ms]
2024-05-16 19:51:46.208 [info] > git status -z -uall [4ms]
2024-05-16 19:51:51.226 [info] > git config --get commit.template [6ms]
2024-05-16 19:51:51.227 [info] > git for-each-ref --format=%(refname)%00%(upstream:short)%00%(objectname)%00%(upstream:track)%00%(upstream:remotename)%00%(upstream:remoteref) refs/heads/main refs/remotes/main [2ms]
2024-05-16 19:51:51.234 [info] > git status -z -uall [3ms]
